{"/Users/lilianamanrique/turing/4module/Wildernests_FE/App.js": {"path":"/Users/lilianamanrique/turing/4module/Wildernests_FE/App.js","statementMap":{"0":{"start":{"line":13,"column":0},"end":{"line":13,"column":32}},"1":{"start":{"line":15,"column":14},"end":{"line":15,"column":36}},"2":{"start":{"line":17,"column":12},"end":{"line":69,"column":1}},"3":{"start":{"line":18,"column":42},"end":{"line":18,"column":54}},"4":{"start":{"line":20,"column":2},"end":{"line":22,"column":9}},"5":{"start":{"line":21,"column":4},"end":{"line":21,"column":30}},"6":{"start":{"line":24,"column":22},"end":{"line":36,"column":3}},"7":{"start":{"line":38,"column":26},"end":{"line":38,"column":66}},"8":{"start":{"line":38,"column":32},"end":{"line":38,"column":66}},"9":{"start":{"line":40,"column":28},"end":{"line":40,"column":89}},"10":{"start":{"line":40,"column":34},"end":{"line":40,"column":89}},"11":{"start":{"line":40,"column":60},"end":{"line":40,"column":85}},"12":{"start":{"line":42,"column":2},"end":{"line":68,"column":4}}},"fnMap":{"0":{"name":"(anonymous_0)","decl":{"start":{"line":17,"column":12},"end":{"line":17,"column":13}},"loc":{"start":{"line":17,"column":18},"end":{"line":69,"column":1}},"line":17},"1":{"name":"(anonymous_1)","decl":{"start":{"line":20,"column":12},"end":{"line":20,"column":13}},"loc":{"start":{"line":20,"column":18},"end":{"line":22,"column":3}},"line":20},"2":{"name":"(anonymous_2)","decl":{"start":{"line":38,"column":26},"end":{"line":38,"column":27}},"loc":{"start":{"line":38,"column":32},"end":{"line":38,"column":66}},"line":38},"3":{"name":"(anonymous_3)","decl":{"start":{"line":40,"column":28},"end":{"line":40,"column":29}},"loc":{"start":{"line":40,"column":34},"end":{"line":40,"column":89}},"line":40},"4":{"name":"(anonymous_4)","decl":{"start":{"line":40,"column":54},"end":{"line":40,"column":55}},"loc":{"start":{"line":40,"column":60},"end":{"line":40,"column":85}},"line":40}},"branchMap":{},"s":{"0":1,"1":1,"2":1,"3":1,"4":1,"5":1,"6":1,"7":1,"8":0,"9":1,"10":0,"11":0,"12":1},"f":{"0":1,"1":1,"2":0,"3":0,"4":0},"b":{},"_coverageSchema":"1a1c01bbd47fc00a2c39e90264f33305004495a9","hash":"a99fac7abc7de65ad159ef166da05d0225a26446"}
,"/Users/lilianamanrique/turing/4module/Wildernests_FE/sample-data.js": {"path":"/Users/lilianamanrique/turing/4module/Wildernests_FE/sample-data.js","statementMap":{"0":{"start":{"line":1,"column":20},"end":{"line":66,"column":1}}},"fnMap":{},"branchMap":{},"s":{"0":8},"f":{},"b":{},"_coverageSchema":"1a1c01bbd47fc00a2c39e90264f33305004495a9","hash":"8c0a8b4df97e5afbb99ca371c850686e2e961810"}
,"/Users/lilianamanrique/turing/4module/Wildernests_FE/assets/constants/constants.js": {"path":"/Users/lilianamanrique/turing/4module/Wildernests_FE/assets/constants/constants.js","statementMap":{"0":{"start":{"line":1,"column":22},"end":{"line":7,"column":1}},"1":{"start":{"line":9,"column":21},"end":{"line":17,"column":1}}},"fnMap":{},"branchMap":{},"s":{"0":12,"1":12},"f":{},"b":{},"_coverageSchema":"1a1c01bbd47fc00a2c39e90264f33305004495a9","hash":"176f6dbf55d39cc76bd1b7576d00adfffa1a82d0"}
,"/Users/lilianamanrique/turing/4module/Wildernests_FE/assets/fonts/MavenPro-Medium.ttf": {"path":"/Users/lilianamanrique/turing/4module/Wildernests_FE/assets/fonts/MavenPro-Medium.ttf","statementMap":{"0":{"start":{"line":1,"column":0},"end":{"line":1,"column":19}}},"fnMap":{},"branchMap":{},"s":{"0":2},"f":{},"b":{},"inputSourceMap":null,"_coverageSchema":"1a1c01bbd47fc00a2c39e90264f33305004495a9","hash":"400e04761c3835728ba40c6ced95ff33c9ae8d1c"}
,"/Users/lilianamanrique/turing/4module/Wildernests_FE/assets/fonts/MavenPro-Regular.ttf": {"path":"/Users/lilianamanrique/turing/4module/Wildernests_FE/assets/fonts/MavenPro-Regular.ttf","statementMap":{"0":{"start":{"line":1,"column":0},"end":{"line":1,"column":19}}},"fnMap":{},"branchMap":{},"s":{"0":2},"f":{},"b":{},"inputSourceMap":null,"_coverageSchema":"1a1c01bbd47fc00a2c39e90264f33305004495a9","hash":"f8e63164b72dde3b74d255edc45af26b2cf697ce"}
,"/Users/lilianamanrique/turing/4module/Wildernests_FE/assets/fonts/PatuaOne-Regular.ttf": {"path":"/Users/lilianamanrique/turing/4module/Wildernests_FE/assets/fonts/PatuaOne-Regular.ttf","statementMap":{"0":{"start":{"line":1,"column":0},"end":{"line":1,"column":19}}},"fnMap":{},"branchMap":{},"s":{"0":2},"f":{},"b":{},"inputSourceMap":null,"_coverageSchema":"1a1c01bbd47fc00a2c39e90264f33305004495a9","hash":"7a66ceda5ab3a6329ff6029f8b2d12e8203927fc"}
,"/Users/lilianamanrique/turing/4module/Wildernests_FE/assets/images/atv-icon.png": {"path":"/Users/lilianamanrique/turing/4module/Wildernests_FE/assets/images/atv-icon.png","statementMap":{"0":{"start":{"line":1,"column":0},"end":{"line":1,"column":19}}},"fnMap":{},"branchMap":{},"s":{"0":12},"f":{},"b":{},"inputSourceMap":null,"_coverageSchema":"1a1c01bbd47fc00a2c39e90264f33305004495a9","hash":"c10c205116d437e5a40afe051a4dc09e997a5daf"}
,"/Users/lilianamanrique/turing/4module/Wildernests_FE/assets/images/bike-icon.png": {"path":"/Users/lilianamanrique/turing/4module/Wildernests_FE/assets/images/bike-icon.png","statementMap":{"0":{"start":{"line":1,"column":0},"end":{"line":1,"column":19}}},"fnMap":{},"branchMap":{},"s":{"0":12},"f":{},"b":{},"inputSourceMap":null,"_coverageSchema":"1a1c01bbd47fc00a2c39e90264f33305004495a9","hash":"5143a0bbbb4885ec97d7ddd89e17cd4c990d6429"}
,"/Users/lilianamanrique/turing/4module/Wildernests_FE/assets/images/boat-icon.png": {"path":"/Users/lilianamanrique/turing/4module/Wildernests_FE/assets/images/boat-icon.png","statementMap":{"0":{"start":{"line":1,"column":0},"end":{"line":1,"column":19}}},"fnMap":{},"branchMap":{},"s":{"0":12},"f":{},"b":{},"inputSourceMap":null,"_coverageSchema":"1a1c01bbd47fc00a2c39e90264f33305004495a9","hash":"890923ec6ee0b9ed40a0038ebe166a9f5a783929"}
,"/Users/lilianamanrique/turing/4module/Wildernests_FE/assets/images/checkbox.png": {"path":"/Users/lilianamanrique/turing/4module/Wildernests_FE/assets/images/checkbox.png","statementMap":{"0":{"start":{"line":1,"column":0},"end":{"line":1,"column":19}}},"fnMap":{},"branchMap":{},"s":{"0":5},"f":{},"b":{},"inputSourceMap":null,"_coverageSchema":"1a1c01bbd47fc00a2c39e90264f33305004495a9","hash":"4b67562b5351af7439c5cd832fb5ad9d5f6e9d10"}
,"/Users/lilianamanrique/turing/4module/Wildernests_FE/assets/images/done.png": {"path":"/Users/lilianamanrique/turing/4module/Wildernests_FE/assets/images/done.png","statementMap":{"0":{"start":{"line":1,"column":0},"end":{"line":1,"column":19}}},"fnMap":{},"branchMap":{},"s":{"0":5},"f":{},"b":{},"inputSourceMap":null,"_coverageSchema":"1a1c01bbd47fc00a2c39e90264f33305004495a9","hash":"6dc9ec4af98fe634bf83fca5921ca70bb4db3e17"}
,"/Users/lilianamanrique/turing/4module/Wildernests_FE/assets/images/empty-star.png": {"path":"/Users/lilianamanrique/turing/4module/Wildernests_FE/assets/images/empty-star.png","statementMap":{"0":{"start":{"line":1,"column":0},"end":{"line":1,"column":19}}},"fnMap":{},"branchMap":{},"s":{"0":7},"f":{},"b":{},"inputSourceMap":null,"_coverageSchema":"1a1c01bbd47fc00a2c39e90264f33305004495a9","hash":"874e85405d4999eeb558e0c11f49cfc96d28c9ad"}
,"/Users/lilianamanrique/turing/4module/Wildernests_FE/assets/images/filled-star.png": {"path":"/Users/lilianamanrique/turing/4module/Wildernests_FE/assets/images/filled-star.png","statementMap":{"0":{"start":{"line":1,"column":0},"end":{"line":1,"column":19}}},"fnMap":{},"branchMap":{},"s":{"0":7},"f":{},"b":{},"inputSourceMap":null,"_coverageSchema":"1a1c01bbd47fc00a2c39e90264f33305004495a9","hash":"81c6217f35780982e723a6f511ae86e4a23090b3"}
,"/Users/lilianamanrique/turing/4module/Wildernests_FE/assets/images/fire-icon.png": {"path":"/Users/lilianamanrique/turing/4module/Wildernests_FE/assets/images/fire-icon.png","statementMap":{"0":{"start":{"line":1,"column":0},"end":{"line":1,"column":19}}},"fnMap":{},"branchMap":{},"s":{"0":12},"f":{},"b":{},"inputSourceMap":null,"_coverageSchema":"1a1c01bbd47fc00a2c39e90264f33305004495a9","hash":"8aa27632f0394c536448a7a89d03771f8f24fdaf"}
,"/Users/lilianamanrique/turing/4module/Wildernests_FE/assets/images/fish-icon.png": {"path":"/Users/lilianamanrique/turing/4module/Wildernests_FE/assets/images/fish-icon.png","statementMap":{"0":{"start":{"line":1,"column":0},"end":{"line":1,"column":19}}},"fnMap":{},"branchMap":{},"s":{"0":12},"f":{},"b":{},"inputSourceMap":null,"_coverageSchema":"1a1c01bbd47fc00a2c39e90264f33305004495a9","hash":"33930d9825919ac5c0778fac46750a5235020b3d"}
,"/Users/lilianamanrique/turing/4module/Wildernests_FE/assets/images/hike-icon.png": {"path":"/Users/lilianamanrique/turing/4module/Wildernests_FE/assets/images/hike-icon.png","statementMap":{"0":{"start":{"line":1,"column":0},"end":{"line":1,"column":19}}},"fnMap":{},"branchMap":{},"s":{"0":12},"f":{},"b":{},"inputSourceMap":null,"_coverageSchema":"1a1c01bbd47fc00a2c39e90264f33305004495a9","hash":"f95dc5e2498c98fc8da65c61ba0164913f9c5f8c"}
,"/Users/lilianamanrique/turing/4module/Wildernests_FE/assets/images/horse-icon.png": {"path":"/Users/lilianamanrique/turing/4module/Wildernests_FE/assets/images/horse-icon.png","statementMap":{"0":{"start":{"line":1,"column":0},"end":{"line":1,"column":19}}},"fnMap":{},"branchMap":{},"s":{"0":12},"f":{},"b":{},"inputSourceMap":null,"_coverageSchema":"1a1c01bbd47fc00a2c39e90264f33305004495a9","hash":"751c6f47b3d7502446ee0fe80b8e562c26e969bc"}
,"/Users/lilianamanrique/turing/4module/Wildernests_FE/assets/images/landing-bg.png": {"path":"/Users/lilianamanrique/turing/4module/Wildernests_FE/assets/images/landing-bg.png","statementMap":{"0":{"start":{"line":1,"column":0},"end":{"line":1,"column":19}}},"fnMap":{},"branchMap":{},"s":{"0":2},"f":{},"b":{},"inputSourceMap":null,"_coverageSchema":"1a1c01bbd47fc00a2c39e90264f33305004495a9","hash":"f6739e515abf627a95693bb73bdd231b8132c488"}
,"/Users/lilianamanrique/turing/4module/Wildernests_FE/assets/images/placeholder-image.png": {"path":"/Users/lilianamanrique/turing/4module/Wildernests_FE/assets/images/placeholder-image.png","statementMap":{"0":{"start":{"line":1,"column":0},"end":{"line":1,"column":19}}},"fnMap":{},"branchMap":{},"s":{"0":4},"f":{},"b":{},"inputSourceMap":null,"_coverageSchema":"1a1c01bbd47fc00a2c39e90264f33305004495a9","hash":"2c4dea873de3b99603cd14690fe9c653261e2f2a"}
,"/Users/lilianamanrique/turing/4module/Wildernests_FE/assets/images/tent-icon.png": {"path":"/Users/lilianamanrique/turing/4module/Wildernests_FE/assets/images/tent-icon.png","statementMap":{"0":{"start":{"line":1,"column":0},"end":{"line":1,"column":19}}},"fnMap":{},"branchMap":{},"s":{"0":2},"f":{},"b":{},"inputSourceMap":null,"_coverageSchema":"1a1c01bbd47fc00a2c39e90264f33305004495a9","hash":"b2a340a615a3f3b41a77bf7e31f7170909809a05"}
,"/Users/lilianamanrique/turing/4module/Wildernests_FE/assets/images/tent-location-icon.png": {"path":"/Users/lilianamanrique/turing/4module/Wildernests_FE/assets/images/tent-location-icon.png","statementMap":{"0":{"start":{"line":1,"column":0},"end":{"line":1,"column":19}}},"fnMap":{},"branchMap":{},"s":{"0":2},"f":{},"b":{},"inputSourceMap":null,"_coverageSchema":"1a1c01bbd47fc00a2c39e90264f33305004495a9","hash":"cf34c1b94d1b2424fcb280b24b1a3aa602309d4d"}
,"/Users/lilianamanrique/turing/4module/Wildernests_FE/src/apiCalls.js": {"path":"/Users/lilianamanrique/turing/4module/Wildernests_FE/src/apiCalls.js","statementMap":{"0":{"start":{"line":1,"column":29},"end":{"line":23,"column":3}},"1":{"start":{"line":2,"column":20},"end":{"line":7,"column":5}},"2":{"start":{"line":8,"column":4},"end":{"line":22,"column":5}},"3":{"start":{"line":9,"column":23},"end":{"line":18,"column":7}},"4":{"start":{"line":19,"column":6},"end":{"line":19,"column":35}},"5":{"start":{"line":21,"column":6},"end":{"line":21,"column":32}},"6":{"start":{"line":25,"column":26},"end":{"line":52,"column":3}},"7":{"start":{"line":26,"column":24},"end":{"line":36,"column":5}},"8":{"start":{"line":37,"column":4},"end":{"line":51,"column":5}},"9":{"start":{"line":38,"column":23},"end":{"line":47,"column":7}},"10":{"start":{"line":48,"column":6},"end":{"line":48,"column":35}},"11":{"start":{"line":50,"column":6},"end":{"line":50,"column":35}},"12":{"start":{"line":54,"column":26},"end":{"line":65,"column":3}},"13":{"start":{"line":55,"column":4},"end":{"line":64,"column":5}},"14":{"start":{"line":56,"column":23},"end":{"line":58,"column":7}},"15":{"start":{"line":59,"column":19},"end":{"line":59,"column":40}},"16":{"start":{"line":60,"column":6},"end":{"line":60,"column":17}},"17":{"start":{"line":62,"column":6},"end":{"line":62,"column":35}},"18":{"start":{"line":67,"column":30},"end":{"line":76,"column":3}},"19":{"start":{"line":68,"column":21},"end":{"line":70,"column":5}},"20":{"start":{"line":71,"column":24},"end":{"line":71,"column":45}},"21":{"start":{"line":72,"column":4},"end":{"line":72,"column":28}},"22":{"start":{"line":75,"column":4},"end":{"line":75,"column":25}}},"fnMap":{"0":{"name":"(anonymous_0)","decl":{"start":{"line":1,"column":29},"end":{"line":1,"column":30}},"loc":{"start":{"line":1,"column":71},"end":{"line":23,"column":3}},"line":1},"1":{"name":"(anonymous_1)","decl":{"start":{"line":25,"column":26},"end":{"line":25,"column":27}},"loc":{"start":{"line":25,"column":114},"end":{"line":52,"column":3}},"line":25},"2":{"name":"(anonymous_2)","decl":{"start":{"line":54,"column":26},"end":{"line":54,"column":27}},"loc":{"start":{"line":54,"column":42},"end":{"line":65,"column":3}},"line":54},"3":{"name":"(anonymous_3)","decl":{"start":{"line":67,"column":30},"end":{"line":67,"column":31}},"loc":{"start":{"line":67,"column":50},"end":{"line":76,"column":3}},"line":67}},"branchMap":{},"s":{"0":4,"1":0,"2":0,"3":0,"4":0,"5":0,"6":4,"7":0,"8":0,"9":0,"10":0,"11":0,"12":4,"13":1,"14":1,"15":0,"16":0,"17":1,"18":4,"19":3,"20":0,"21":0,"22":0},"f":{"0":0,"1":0,"2":1,"3":3},"b":{},"_coverageSchema":"1a1c01bbd47fc00a2c39e90264f33305004495a9","hash":"71601639dfe16658a55d235b287b56e79a6545be"}
,"/Users/lilianamanrique/turing/4module/Wildernests_FE/src/CommentCard/CommentCard.js": {"path":"/Users/lilianamanrique/turing/4module/Wildernests_FE/src/CommentCard/CommentCard.js","statementMap":{"0":{"start":{"line":13,"column":27},"end":{"line":46,"column":1}},"1":{"start":{"line":14,"column":58},"end":{"line":14,"column":62}},"2":{"start":{"line":16,"column":28},"end":{"line":25,"column":3}},"3":{"start":{"line":17,"column":21},"end":{"line":17,"column":51}},"4":{"start":{"line":18,"column":24},"end":{"line":20,"column":5}},"5":{"start":{"line":21,"column":23},"end":{"line":23,"column":5}},"6":{"start":{"line":24,"column":4},"end":{"line":24,"column":42}},"7":{"start":{"line":27,"column":16},"end":{"line":27,"column":41}},"8":{"start":{"line":29,"column":2},"end":{"line":45,"column":4}},"9":{"start":{"line":37,"column":12},"end":{"line":37,"column":94}},"10":{"start":{"line":39,"column":36},"end":{"line":39,"column":52}},"11":{"start":{"line":40,"column":41},"end":{"line":40,"column":57}},"12":{"start":{"line":48,"column":15},"end":{"line":73,"column":2}}},"fnMap":{"0":{"name":"(anonymous_0)","decl":{"start":{"line":13,"column":27},"end":{"line":13,"column":28}},"loc":{"start":{"line":13,"column":41},"end":{"line":46,"column":1}},"line":13},"1":{"name":"(anonymous_1)","decl":{"start":{"line":16,"column":28},"end":{"line":16,"column":29}},"loc":{"start":{"line":16,"column":40},"end":{"line":25,"column":3}},"line":16},"2":{"name":"(anonymous_2)","decl":{"start":{"line":36,"column":22},"end":{"line":36,"column":23}},"loc":{"start":{"line":37,"column":12},"end":{"line":37,"column":94}},"line":37},"3":{"name":"(anonymous_3)","decl":{"start":{"line":39,"column":19},"end":{"line":39,"column":20}},"loc":{"start":{"line":39,"column":36},"end":{"line":39,"column":52}},"line":39},"4":{"name":"(anonymous_4)","decl":{"start":{"line":40,"column":24},"end":{"line":40,"column":25}},"loc":{"start":{"line":40,"column":41},"end":{"line":40,"column":57}},"line":40}},"branchMap":{"0":{"loc":{"start":{"line":17,"column":21},"end":{"line":17,"column":51}},"type":"cond-expr","locations":[{"start":{"line":17,"column":30},"end":{"line":17,"column":47}},{"start":{"line":17,"column":50},"end":{"line":17,"column":51}}],"line":17}},"s":{"0":3,"1":1,"2":1,"3":1,"4":1,"5":1,"6":1,"7":1,"8":1,"9":5,"10":0,"11":5,"12":3},"f":{"0":1,"1":1,"2":5,"3":0,"4":5},"b":{"0":[1,0]},"_coverageSchema":"1a1c01bbd47fc00a2c39e90264f33305004495a9","hash":"3f5cc4dd00b1d6fd52560d3e89638399520e8c50"}
,"/Users/lilianamanrique/turing/4module/Wildernests_FE/src/CommentForm/CommentForm.js": {"path":"/Users/lilianamanrique/turing/4module/Wildernests_FE/src/CommentForm/CommentForm.js","statementMap":{"0":{"start":{"line":14,"column":27},"end":{"line":97,"column":1}},"1":{"start":{"line":15,"column":34},"end":{"line":15,"column":46}},"2":{"start":{"line":16,"column":30},"end":{"line":16,"column":49}},"3":{"start":{"line":17,"column":40},"end":{"line":17,"column":52}},"4":{"start":{"line":18,"column":28},"end":{"line":18,"column":40}},"5":{"start":{"line":19,"column":32},"end":{"line":19,"column":44}},"6":{"start":{"line":21,"column":28},"end":{"line":30,"column":3}},"7":{"start":{"line":22,"column":21},"end":{"line":22,"column":51}},"8":{"start":{"line":23,"column":24},"end":{"line":25,"column":5}},"9":{"start":{"line":26,"column":23},"end":{"line":28,"column":5}},"10":{"start":{"line":29,"column":4},"end":{"line":29,"column":42}},"11":{"start":{"line":32,"column":23},"end":{"line":32,"column":48}},"12":{"start":{"line":33,"column":28},"end":{"line":33,"column":50}},"13":{"start":{"line":35,"column":23},"end":{"line":40,"column":3}},"14":{"start":{"line":36,"column":22},"end":{"line":36,"column":31}},"15":{"start":{"line":37,"column":4},"end":{"line":37,"column":25}},"16":{"start":{"line":38,"column":21},"end":{"line":38,"column":49}},"17":{"start":{"line":39,"column":4},"end":{"line":39,"column":23}},"18":{"start":{"line":42,"column":23},"end":{"line":48,"column":3}},"19":{"start":{"line":43,"column":4},"end":{"line":43,"column":48}},"20":{"start":{"line":44,"column":4},"end":{"line":44,"column":18}},"21":{"start":{"line":45,"column":4},"end":{"line":45,"column":23}},"22":{"start":{"line":46,"column":4},"end":{"line":46,"column":17}},"23":{"start":{"line":47,"column":4},"end":{"line":47,"column":34}},"24":{"start":{"line":50,"column":19},"end":{"line":50,"column":52}},"25":{"start":{"line":52,"column":2},"end":{"line":96,"column":4}},"26":{"start":{"line":60,"column":10},"end":{"line":67,"column":29}},"27":{"start":{"line":60,"column":43},"end":{"line":60,"column":62}},"28":{"start":{"line":69,"column":39},"end":{"line":69,"column":55}},"29":{"start":{"line":76,"column":36},"end":{"line":76,"column":54}},"30":{"start":{"line":84,"column":38},"end":{"line":84,"column":64}},"31":{"start":{"line":99,"column":15},"end":{"line":157,"column":2}}},"fnMap":{"0":{"name":"(anonymous_0)","decl":{"start":{"line":14,"column":27},"end":{"line":14,"column":28}},"loc":{"start":{"line":14,"column":42},"end":{"line":97,"column":1}},"line":14},"1":{"name":"(anonymous_1)","decl":{"start":{"line":21,"column":28},"end":{"line":21,"column":29}},"loc":{"start":{"line":21,"column":40},"end":{"line":30,"column":3}},"line":21},"2":{"name":"(anonymous_2)","decl":{"start":{"line":35,"column":23},"end":{"line":35,"column":24}},"loc":{"start":{"line":35,"column":34},"end":{"line":40,"column":3}},"line":35},"3":{"name":"(anonymous_3)","decl":{"start":{"line":42,"column":23},"end":{"line":42,"column":24}},"loc":{"start":{"line":42,"column":29},"end":{"line":48,"column":3}},"line":42},"4":{"name":"(anonymous_4)","decl":{"start":{"line":59,"column":20},"end":{"line":59,"column":21}},"loc":{"start":{"line":60,"column":10},"end":{"line":67,"column":29}},"line":60},"5":{"name":"(anonymous_5)","decl":{"start":{"line":60,"column":37},"end":{"line":60,"column":38}},"loc":{"start":{"line":60,"column":43},"end":{"line":60,"column":62}},"line":60},"6":{"name":"(anonymous_6)","decl":{"start":{"line":69,"column":22},"end":{"line":69,"column":23}},"loc":{"start":{"line":69,"column":39},"end":{"line":69,"column":55}},"line":69},"7":{"name":"(anonymous_7)","decl":{"start":{"line":76,"column":22},"end":{"line":76,"column":23}},"loc":{"start":{"line":76,"column":36},"end":{"line":76,"column":54}},"line":76},"8":{"name":"(anonymous_8)","decl":{"start":{"line":84,"column":22},"end":{"line":84,"column":23}},"loc":{"start":{"line":84,"column":38},"end":{"line":84,"column":64}},"line":84},"9":{"name":"(anonymous_9)","decl":{"start":{"line":91,"column":43},"end":{"line":91,"column":44}},"loc":{"start":{"line":91,"column":49},"end":{"line":91,"column":51}},"line":91}},"branchMap":{"0":{"loc":{"start":{"line":22,"column":21},"end":{"line":22,"column":51}},"type":"cond-expr","locations":[{"start":{"line":22,"column":30},"end":{"line":22,"column":47}},{"start":{"line":22,"column":50},"end":{"line":22,"column":51}}],"line":22},"1":{"loc":{"start":{"line":50,"column":19},"end":{"line":50,"column":52}},"type":"binary-expr","locations":[{"start":{"line":50,"column":19},"end":{"line":50,"column":25}},{"start":{"line":50,"column":29},"end":{"line":50,"column":41}},{"start":{"line":50,"column":45},"end":{"line":50,"column":52}}],"line":50},"2":{"loc":{"start":{"line":86,"column":7},"end":{"line":86,"column":65}},"type":"binary-expr","locations":[{"start":{"line":86,"column":7},"end":{"line":86,"column":16}},{"start":{"line":86,"column":20},"end":{"line":86,"column":65}}],"line":86},"3":{"loc":{"start":{"line":90,"column":15},"end":{"line":90,"column":60}},"type":"cond-expr","locations":[{"start":{"line":90,"column":26},"end":{"line":90,"column":41}},{"start":{"line":90,"column":44},"end":{"line":90,"column":60}}],"line":90},"4":{"loc":{"start":{"line":91,"column":17},"end":{"line":91,"column":51}},"type":"cond-expr","locations":[{"start":{"line":91,"column":29},"end":{"line":91,"column":41}},{"start":{"line":91,"column":43},"end":{"line":91,"column":51}}],"line":91}},"s":{"0":3,"1":7,"2":7,"3":7,"4":7,"5":7,"6":7,"7":7,"8":7,"9":7,"10":7,"11":7,"12":7,"13":7,"14":0,"15":0,"16":0,"17":0,"18":7,"19":1,"20":1,"21":1,"22":1,"23":1,"24":7,"25":7,"26":35,"27":0,"28":35,"29":1,"30":0,"31":3},"f":{"0":7,"1":7,"2":0,"3":1,"4":35,"5":0,"6":35,"7":1,"8":0,"9":1},"b":{"0":[0,7],"1":[7,6,6],"2":[7,1],"3":[6,1],"4":[1,6]},"_coverageSchema":"1a1c01bbd47fc00a2c39e90264f33305004495a9","hash":"8e1b414f7da43ab8e4f7efa58518ee7cd548bc36"}
,"/Users/lilianamanrique/turing/4module/Wildernests_FE/src/Filter/Filter.js": {"path":"/Users/lilianamanrique/turing/4module/Wildernests_FE/src/Filter/Filter.js","statementMap":{"0":{"start":{"line":12,"column":22},"end":{"line":80,"column":1}},"1":{"start":{"line":13,"column":34},"end":{"line":13,"column":46}},"2":{"start":{"line":14,"column":32},"end":{"line":14,"column":44}},"3":{"start":{"line":16,"column":23},"end":{"line":27,"column":3}},"4":{"start":{"line":17,"column":24},"end":{"line":17,"column":36}},"5":{"start":{"line":18,"column":4},"end":{"line":26,"column":5}},"6":{"start":{"line":19,"column":23},"end":{"line":19,"column":68}},"7":{"start":{"line":19,"column":53},"end":{"line":19,"column":67}},"8":{"start":{"line":20,"column":6},"end":{"line":20,"column":27}},"9":{"start":{"line":21,"column":6},"end":{"line":21,"column":28}},"10":{"start":{"line":23,"column":6},"end":{"line":23,"column":33}},"11":{"start":{"line":24,"column":6},"end":{"line":24,"column":33}},"12":{"start":{"line":25,"column":6},"end":{"line":25,"column":32}},"13":{"start":{"line":29,"column":22},"end":{"line":32,"column":3}},"14":{"start":{"line":30,"column":4},"end":{"line":30,"column":19}},"15":{"start":{"line":31,"column":4},"end":{"line":31,"column":20}},"16":{"start":{"line":34,"column":21},"end":{"line":34,"column":64}},"17":{"start":{"line":35,"column":20},"end":{"line":35,"column":59}},"18":{"start":{"line":37,"column":25},"end":{"line":43,"column":3}},"19":{"start":{"line":38,"column":4},"end":{"line":42,"column":5}},"20":{"start":{"line":39,"column":6},"end":{"line":39,"column":22}},"21":{"start":{"line":41,"column":6},"end":{"line":41,"column":30}},"22":{"start":{"line":45,"column":2},"end":{"line":79,"column":4}},"23":{"start":{"line":62,"column":14},"end":{"line":72,"column":33}},"24":{"start":{"line":64,"column":31},"end":{"line":64,"column":49}},"25":{"start":{"line":74,"column":36},"end":{"line":74,"column":40}},"26":{"start":{"line":82,"column":15},"end":{"line":123,"column":2}}},"fnMap":{"0":{"name":"(anonymous_0)","decl":{"start":{"line":12,"column":22},"end":{"line":12,"column":23}},"loc":{"start":{"line":12,"column":52},"end":{"line":80,"column":1}},"line":12},"1":{"name":"(anonymous_1)","decl":{"start":{"line":16,"column":23},"end":{"line":16,"column":24}},"loc":{"start":{"line":16,"column":35},"end":{"line":27,"column":3}},"line":16},"2":{"name":"(anonymous_2)","decl":{"start":{"line":19,"column":44},"end":{"line":19,"column":45}},"loc":{"start":{"line":19,"column":53},"end":{"line":19,"column":67}},"line":19},"3":{"name":"(anonymous_3)","decl":{"start":{"line":29,"column":22},"end":{"line":29,"column":23}},"loc":{"start":{"line":29,"column":28},"end":{"line":32,"column":3}},"line":29},"4":{"name":"(anonymous_4)","decl":{"start":{"line":37,"column":25},"end":{"line":37,"column":26}},"loc":{"start":{"line":37,"column":31},"end":{"line":43,"column":3}},"line":37},"5":{"name":"(anonymous_5)","decl":{"start":{"line":61,"column":24},"end":{"line":61,"column":25}},"loc":{"start":{"line":62,"column":14},"end":{"line":72,"column":33}},"line":62},"6":{"name":"(anonymous_6)","decl":{"start":{"line":64,"column":25},"end":{"line":64,"column":26}},"loc":{"start":{"line":64,"column":31},"end":{"line":64,"column":49}},"line":64},"7":{"name":"(anonymous_7)","decl":{"start":{"line":74,"column":26},"end":{"line":74,"column":27}},"loc":{"start":{"line":74,"column":36},"end":{"line":74,"column":40}},"line":74}},"branchMap":{"0":{"loc":{"start":{"line":18,"column":4},"end":{"line":26,"column":5}},"type":"if","locations":[{"start":{"line":18,"column":4},"end":{"line":26,"column":5}},{"start":{"line":18,"column":4},"end":{"line":26,"column":5}}],"line":18},"1":{"loc":{"start":{"line":38,"column":4},"end":{"line":42,"column":5}},"type":"if","locations":[{"start":{"line":38,"column":4},"end":{"line":42,"column":5}},{"start":{"line":38,"column":4},"end":{"line":42,"column":5}}],"line":38},"2":{"loc":{"start":{"line":49,"column":18},"end":{"line":49,"column":52}},"type":"cond-expr","locations":[{"start":{"line":49,"column":31},"end":{"line":49,"column":39}},{"start":{"line":49,"column":42},"end":{"line":49,"column":52}}],"line":49},"3":{"loc":{"start":{"line":52,"column":7},"end":{"line":77,"column":7}},"type":"binary-expr","locations":[{"start":{"line":52,"column":7},"end":{"line":52,"column":17}},{"start":{"line":53,"column":8},"end":{"line":76,"column":15}}],"line":52},"4":{"loc":{"start":{"line":67,"column":26},"end":{"line":67,"column":92}},"type":"cond-expr","locations":[{"start":{"line":67,"column":51},"end":{"line":67,"column":69}},{"start":{"line":67,"column":72},"end":{"line":67,"column":92}}],"line":67},"5":{"loc":{"start":{"line":69,"column":26},"end":{"line":69,"column":73}},"type":"cond-expr","locations":[{"start":{"line":69,"column":51},"end":{"line":69,"column":60}},{"start":{"line":69,"column":63},"end":{"line":69,"column":73}}],"line":69}},"s":{"0":4,"1":13,"2":13,"3":13,"4":2,"5":2,"6":0,"7":0,"8":0,"9":0,"10":2,"11":2,"12":2,"13":13,"14":0,"15":0,"16":13,"17":13,"18":13,"19":4,"20":0,"21":4,"22":13,"23":6,"24":2,"25":6,"26":4},"f":{"0":13,"1":2,"2":0,"3":0,"4":4,"5":6,"6":2,"7":6},"b":{"0":[0,2],"1":[0,4],"2":[6,7],"3":[13,6],"4":[2,4],"5":[2,4]},"_coverageSchema":"1a1c01bbd47fc00a2c39e90264f33305004495a9","hash":"b8abed781b69045a342aa1563a3d3ccd6333ffc4"}
,"/Users/lilianamanrique/turing/4module/Wildernests_FE/src/Landing/Landing.js": {"path":"/Users/lilianamanrique/turing/4module/Wildernests_FE/src/Landing/Landing.js","statementMap":{"0":{"start":{"line":14,"column":23},"end":{"line":67,"column":1}},"1":{"start":{"line":16,"column":22},"end":{"line":20,"column":4}},"2":{"start":{"line":22,"column":25},"end":{"line":24,"column":3}},"3":{"start":{"line":23,"column":4},"end":{"line":23,"column":39}},"4":{"start":{"line":26,"column":25},"end":{"line":28,"column":3}},"5":{"start":{"line":27,"column":4},"end":{"line":27,"column":32}},"6":{"start":{"line":30,"column":2},"end":{"line":66,"column":3}},"7":{"start":{"line":31,"column":4},"end":{"line":31,"column":26}},"8":{"start":{"line":33,"column":4},"end":{"line":65,"column":6}},"9":{"start":{"line":50,"column":29},"end":{"line":50,"column":45}},"10":{"start":{"line":56,"column":29},"end":{"line":56,"column":45}},"11":{"start":{"line":69,"column":15},"end":{"line":117,"column":2}}},"fnMap":{"0":{"name":"(anonymous_0)","decl":{"start":{"line":14,"column":23},"end":{"line":14,"column":24}},"loc":{"start":{"line":14,"column":43},"end":{"line":67,"column":1}},"line":14},"1":{"name":"(anonymous_1)","decl":{"start":{"line":22,"column":25},"end":{"line":22,"column":26}},"loc":{"start":{"line":22,"column":31},"end":{"line":24,"column":3}},"line":22},"2":{"name":"(anonymous_2)","decl":{"start":{"line":26,"column":25},"end":{"line":26,"column":26}},"loc":{"start":{"line":26,"column":31},"end":{"line":28,"column":3}},"line":26},"3":{"name":"(anonymous_3)","decl":{"start":{"line":50,"column":23},"end":{"line":50,"column":24}},"loc":{"start":{"line":50,"column":29},"end":{"line":50,"column":45}},"line":50},"4":{"name":"(anonymous_4)","decl":{"start":{"line":56,"column":23},"end":{"line":56,"column":24}},"loc":{"start":{"line":56,"column":29},"end":{"line":56,"column":45}},"line":56}},"branchMap":{"0":{"loc":{"start":{"line":30,"column":2},"end":{"line":66,"column":3}},"type":"if","locations":[{"start":{"line":30,"column":2},"end":{"line":66,"column":3}},{"start":{"line":30,"column":2},"end":{"line":66,"column":3}}],"line":30}},"s":{"0":2,"1":6,"2":6,"3":0,"4":6,"5":0,"6":6,"7":3,"8":3,"9":0,"10":0,"11":2},"f":{"0":6,"1":0,"2":0,"3":0,"4":0},"b":{"0":[3,3]},"_coverageSchema":"1a1c01bbd47fc00a2c39e90264f33305004495a9","hash":"ff17ce766b562c3054d3ff370835ba18bdee17e0"}
,"/Users/lilianamanrique/turing/4module/Wildernests_FE/src/ListCard/ListCard.js": {"path":"/Users/lilianamanrique/turing/4module/Wildernests_FE/src/ListCard/ListCard.js","statementMap":{"0":{"start":{"line":13,"column":24},"end":{"line":97,"column":1}},"1":{"start":{"line":14,"column":70},"end":{"line":14,"column":74}},"2":{"start":{"line":16,"column":22},"end":{"line":16,"column":36}},"3":{"start":{"line":17,"column":2},"end":{"line":19,"column":3}},"4":{"start":{"line":18,"column":4},"end":{"line":18,"column":22}},"5":{"start":{"line":21,"column":23},"end":{"line":33,"column":9}},"6":{"start":{"line":35,"column":21},"end":{"line":35,"column":36}},"7":{"start":{"line":37,"column":28},"end":{"line":46,"column":3}},"8":{"start":{"line":38,"column":21},"end":{"line":38,"column":45}},"9":{"start":{"line":39,"column":24},"end":{"line":41,"column":5}},"10":{"start":{"line":42,"column":23},"end":{"line":44,"column":5}},"11":{"start":{"line":45,"column":4},"end":{"line":45,"column":42}},"12":{"start":{"line":48,"column":23},"end":{"line":48,"column":59}},"13":{"start":{"line":48,"column":47},"end":{"line":48,"column":58}},"14":{"start":{"line":50,"column":16},"end":{"line":50,"column":48}},"15":{"start":{"line":52,"column":26},"end":{"line":54,"column":3}},"16":{"start":{"line":53,"column":4},"end":{"line":53,"column":48}},"17":{"start":{"line":56,"column":2},"end":{"line":96,"column":4}},"18":{"start":{"line":71,"column":14},"end":{"line":71,"column":69}},"19":{"start":{"line":73,"column":43},"end":{"line":73,"column":59}},"20":{"start":{"line":74,"column":38},"end":{"line":74,"column":54}},"21":{"start":{"line":83,"column":16},"end":{"line":83,"column":94}},"22":{"start":{"line":85,"column":45},"end":{"line":85,"column":61}},"23":{"start":{"line":86,"column":40},"end":{"line":86,"column":56}},"24":{"start":{"line":99,"column":15},"end":{"line":136,"column":2}}},"fnMap":{"0":{"name":"(anonymous_0)","decl":{"start":{"line":13,"column":24},"end":{"line":13,"column":25}},"loc":{"start":{"line":13,"column":38},"end":{"line":97,"column":1}},"line":13},"1":{"name":"(anonymous_1)","decl":{"start":{"line":37,"column":28},"end":{"line":37,"column":29}},"loc":{"start":{"line":37,"column":47},"end":{"line":46,"column":3}},"line":37},"2":{"name":"(anonymous_2)","decl":{"start":{"line":48,"column":37},"end":{"line":48,"column":38}},"loc":{"start":{"line":48,"column":47},"end":{"line":48,"column":58}},"line":48},"3":{"name":"(anonymous_3)","decl":{"start":{"line":52,"column":26},"end":{"line":52,"column":27}},"loc":{"start":{"line":52,"column":32},"end":{"line":54,"column":3}},"line":52},"4":{"name":"(anonymous_4)","decl":{"start":{"line":70,"column":24},"end":{"line":70,"column":25}},"loc":{"start":{"line":71,"column":14},"end":{"line":71,"column":69}},"line":71},"5":{"name":"(anonymous_5)","decl":{"start":{"line":73,"column":26},"end":{"line":73,"column":27}},"loc":{"start":{"line":73,"column":43},"end":{"line":73,"column":59}},"line":73},"6":{"name":"(anonymous_6)","decl":{"start":{"line":74,"column":21},"end":{"line":74,"column":22}},"loc":{"start":{"line":74,"column":38},"end":{"line":74,"column":54}},"line":74},"7":{"name":"(anonymous_7)","decl":{"start":{"line":82,"column":26},"end":{"line":82,"column":27}},"loc":{"start":{"line":83,"column":16},"end":{"line":83,"column":94}},"line":83},"8":{"name":"(anonymous_8)","decl":{"start":{"line":85,"column":28},"end":{"line":85,"column":29}},"loc":{"start":{"line":85,"column":45},"end":{"line":85,"column":61}},"line":85},"9":{"name":"(anonymous_9)","decl":{"start":{"line":86,"column":23},"end":{"line":86,"column":24}},"loc":{"start":{"line":86,"column":40},"end":{"line":86,"column":56}},"line":86}},"branchMap":{"0":{"loc":{"start":{"line":17,"column":2},"end":{"line":19,"column":3}},"type":"if","locations":[{"start":{"line":17,"column":2},"end":{"line":19,"column":3}},{"start":{"line":17,"column":2},"end":{"line":19,"column":3}}],"line":17},"1":{"loc":{"start":{"line":21,"column":23},"end":{"line":33,"column":9}},"type":"cond-expr","locations":[{"start":{"line":22,"column":7},"end":{"line":28,"column":8}},{"start":{"line":29,"column":7},"end":{"line":33,"column":8}}],"line":21},"2":{"loc":{"start":{"line":77,"column":9},"end":{"line":88,"column":17}},"type":"binary-expr","locations":[{"start":{"line":77,"column":9},"end":{"line":77,"column":25}},{"start":{"line":78,"column":10},"end":{"line":88,"column":17}}],"line":77},"3":{"loc":{"start":{"line":90,"column":9},"end":{"line":90,"column":54}},"type":"binary-expr","locations":[{"start":{"line":90,"column":9},"end":{"line":90,"column":23}},{"start":{"line":90,"column":27},"end":{"line":90,"column":54}}],"line":90}},"s":{"0":4,"1":16,"2":16,"3":16,"4":8,"5":16,"6":16,"7":16,"8":16,"9":16,"10":16,"11":16,"12":16,"13":32,"14":16,"15":16,"16":0,"17":16,"18":80,"19":80,"20":0,"21":32,"22":32,"23":0,"24":4},"f":{"0":16,"1":16,"2":32,"3":0,"4":80,"5":80,"6":0,"7":32,"8":32,"9":0},"b":{"0":[8,8],"1":[0,16],"2":[16,16],"3":[16,8]},"_coverageSchema":"1a1c01bbd47fc00a2c39e90264f33305004495a9","hash":"69479e63f63efcfa1f9613d0a8653a3205afa2b8"}
,"/Users/lilianamanrique/turing/4module/Wildernests_FE/src/ListView/ListView.js": {"path":"/Users/lilianamanrique/turing/4module/Wildernests_FE/src/ListView/ListView.js","statementMap":{"0":{"start":{"line":6,"column":24},"end":{"line":28,"column":1}},"1":{"start":{"line":7,"column":34},"end":{"line":7,"column":46}},"2":{"start":{"line":9,"column":16},"end":{"line":9,"column":62}},"3":{"start":{"line":9,"column":38},"end":{"line":9,"column":61}},"4":{"start":{"line":10,"column":2},"end":{"line":10,"column":65}},"5":{"start":{"line":10,"column":34},"end":{"line":10,"column":63}},"6":{"start":{"line":11,"column":2},"end":{"line":11,"column":34}},"7":{"start":{"line":12,"column":2},"end":{"line":12,"column":27}},"8":{"start":{"line":14,"column":18},"end":{"line":16,"column":10}},"9":{"start":{"line":15,"column":28},"end":{"line":15,"column":76}},"10":{"start":{"line":18,"column":2},"end":{"line":27,"column":4}},"11":{"start":{"line":23,"column":34},"end":{"line":23,"column":58}},"12":{"start":{"line":24,"column":32},"end":{"line":24,"column":50}},"13":{"start":{"line":30,"column":15},"end":{"line":34,"column":2}}},"fnMap":{"0":{"name":"(anonymous_0)","decl":{"start":{"line":6,"column":24},"end":{"line":6,"column":25}},"loc":{"start":{"line":6,"column":38},"end":{"line":28,"column":1}},"line":6},"1":{"name":"(anonymous_1)","decl":{"start":{"line":9,"column":28},"end":{"line":9,"column":29}},"loc":{"start":{"line":9,"column":38},"end":{"line":9,"column":61}},"line":9},"2":{"name":"(anonymous_2)","decl":{"start":{"line":10,"column":24},"end":{"line":10,"column":25}},"loc":{"start":{"line":10,"column":34},"end":{"line":10,"column":63}},"line":10},"3":{"name":"(anonymous_3)","decl":{"start":{"line":15,"column":18},"end":{"line":15,"column":19}},"loc":{"start":{"line":15,"column":28},"end":{"line":15,"column":76}},"line":15},"4":{"name":"(anonymous_4)","decl":{"start":{"line":23,"column":20},"end":{"line":23,"column":21}},"loc":{"start":{"line":23,"column":34},"end":{"line":23,"column":58}},"line":23},"5":{"name":"(anonymous_5)","decl":{"start":{"line":24,"column":22},"end":{"line":24,"column":23}},"loc":{"start":{"line":24,"column":32},"end":{"line":24,"column":50}},"line":24}},"branchMap":{"0":{"loc":{"start":{"line":9,"column":38},"end":{"line":9,"column":61}},"type":"binary-expr","locations":[{"start":{"line":9,"column":38},"end":{"line":9,"column":47}},{"start":{"line":9,"column":51},"end":{"line":9,"column":61}}],"line":9},"1":{"loc":{"start":{"line":14,"column":18},"end":{"line":16,"column":10}},"type":"cond-expr","locations":[{"start":{"line":15,"column":6},"end":{"line":15,"column":77}},{"start":{"line":16,"column":6},"end":{"line":16,"column":10}}],"line":14}},"s":{"0":3,"1":4,"2":4,"3":16,"4":4,"5":12,"6":4,"7":4,"8":4,"9":4,"10":4,"11":15,"12":15,"13":3},"f":{"0":4,"1":16,"2":12,"3":4,"4":15,"5":15},"b":{"0":[16,12],"1":[1,3]},"_coverageSchema":"1a1c01bbd47fc00a2c39e90264f33305004495a9","hash":"4ce9c6d64d811a4703bc508d4f1230ea61b390cd"}
,"/Users/lilianamanrique/turing/4module/Wildernests_FE/src/MapList/MapList.js": {"path":"/Users/lilianamanrique/turing/4module/Wildernests_FE/src/MapList/MapList.js","statementMap":{"0":{"start":{"line":8,"column":23},"end":{"line":75,"column":1}},"1":{"start":{"line":9,"column":50},"end":{"line":9,"column":64}},"2":{"start":{"line":10,"column":34},"end":{"line":15,"column":4}},"3":{"start":{"line":16,"column":34},"end":{"line":16,"column":48}},"4":{"start":{"line":18,"column":2},"end":{"line":27,"column":9}},"5":{"start":{"line":19,"column":4},"end":{"line":26,"column":9}},"6":{"start":{"line":20,"column":23},"end":{"line":20,"column":63}},"7":{"start":{"line":21,"column":6},"end":{"line":23,"column":7}},"8":{"start":{"line":22,"column":8},"end":{"line":22,"column":64}},"9":{"start":{"line":24,"column":21},"end":{"line":24,"column":63}},"10":{"start":{"line":25,"column":6},"end":{"line":25,"column":28}},"11":{"start":{"line":29,"column":28},"end":{"line":35,"column":3}},"12":{"start":{"line":30,"column":36},"end":{"line":30,"column":60}},"13":{"start":{"line":31,"column":20},"end":{"line":33,"column":5}},"14":{"start":{"line":32,"column":16},"end":{"line":32,"column":63}},"15":{"start":{"line":34,"column":4},"end":{"line":34,"column":35}},"16":{"start":{"line":37,"column":18},"end":{"line":48,"column":4}},"17":{"start":{"line":38,"column":27},"end":{"line":38,"column":35}},"18":{"start":{"line":40,"column":4},"end":{"line":47,"column":6}},"19":{"start":{"line":45,"column":25},"end":{"line":45,"column":45}},"20":{"start":{"line":50,"column":2},"end":{"line":74,"column":4}},"21":{"start":{"line":53,"column":32},"end":{"line":53,"column":57}},"22":{"start":{"line":77,"column":15},"end":{"line":90,"column":2}}},"fnMap":{"0":{"name":"(anonymous_0)","decl":{"start":{"line":8,"column":23},"end":{"line":8,"column":24}},"loc":{"start":{"line":8,"column":37},"end":{"line":75,"column":1}},"line":8},"1":{"name":"(anonymous_1)","decl":{"start":{"line":18,"column":12},"end":{"line":18,"column":13}},"loc":{"start":{"line":18,"column":18},"end":{"line":27,"column":3}},"line":18},"2":{"name":"(anonymous_2)","decl":{"start":{"line":19,"column":5},"end":{"line":19,"column":6}},"loc":{"start":{"line":19,"column":17},"end":{"line":26,"column":5}},"line":19},"3":{"name":"(anonymous_3)","decl":{"start":{"line":29,"column":28},"end":{"line":29,"column":29}},"loc":{"start":{"line":29,"column":35},"end":{"line":35,"column":3}},"line":29},"4":{"name":"(anonymous_4)","decl":{"start":{"line":32,"column":6},"end":{"line":32,"column":7}},"loc":{"start":{"line":32,"column":16},"end":{"line":32,"column":63}},"line":32},"5":{"name":"(anonymous_5)","decl":{"start":{"line":37,"column":27},"end":{"line":37,"column":28}},"loc":{"start":{"line":37,"column":41},"end":{"line":48,"column":3}},"line":37},"6":{"name":"(anonymous_6)","decl":{"start":{"line":45,"column":18},"end":{"line":45,"column":19}},"loc":{"start":{"line":45,"column":25},"end":{"line":45,"column":45}},"line":45},"7":{"name":"(anonymous_7)","decl":{"start":{"line":53,"column":26},"end":{"line":53,"column":27}},"loc":{"start":{"line":53,"column":32},"end":{"line":53,"column":57}},"line":53}},"branchMap":{"0":{"loc":{"start":{"line":21,"column":6},"end":{"line":23,"column":7}},"type":"if","locations":[{"start":{"line":21,"column":6},"end":{"line":23,"column":7}},{"start":{"line":21,"column":6},"end":{"line":23,"column":7}}],"line":21},"1":{"loc":{"start":{"line":32,"column":16},"end":{"line":32,"column":63}},"type":"binary-expr","locations":[{"start":{"line":32,"column":16},"end":{"line":32,"column":37}},{"start":{"line":32,"column":41},"end":{"line":32,"column":63}}],"line":32},"2":{"loc":{"start":{"line":68,"column":7},"end":{"line":72,"column":7}},"type":"binary-expr","locations":[{"start":{"line":68,"column":7},"end":{"line":68,"column":23}},{"start":{"line":69,"column":8},"end":{"line":71,"column":10}}],"line":68}},"s":{"0":3,"1":4,"2":4,"3":4,"4":4,"5":4,"6":4,"7":0,"8":0,"9":0,"10":0,"11":4,"12":0,"13":0,"14":0,"15":0,"16":4,"17":16,"18":16,"19":0,"20":4,"21":0,"22":3},"f":{"0":4,"1":4,"2":4,"3":0,"4":0,"5":16,"6":0,"7":0},"b":{"0":[0,0],"1":[0,0],"2":[4,0]},"_coverageSchema":"1a1c01bbd47fc00a2c39e90264f33305004495a9","hash":"88db1eb8d804cb42455fe973d8be2916b94bb184"}
,"/Users/lilianamanrique/turing/4module/Wildernests_FE/src/PostForm/PostForm.js": {"path":"/Users/lilianamanrique/turing/4module/Wildernests_FE/src/PostForm/PostForm.js","statementMap":{"0":{"start":{"line":15,"column":19},"end":{"line":15,"column":62}},"1":{"start":{"line":16,"column":18},"end":{"line":16,"column":57}},"2":{"start":{"line":18,"column":24},"end":{"line":224,"column":1}},"3":{"start":{"line":19,"column":36},"end":{"line":19,"column":48}},"4":{"start":{"line":20,"column":26},"end":{"line":20,"column":38}},"5":{"start":{"line":21,"column":26},"end":{"line":21,"column":38}},"6":{"start":{"line":22,"column":28},"end":{"line":22,"column":40}},"7":{"start":{"line":23,"column":24},"end":{"line":23,"column":36}},"8":{"start":{"line":24,"column":24},"end":{"line":24,"column":36}},"9":{"start":{"line":25,"column":40},"end":{"line":25,"column":52}},"10":{"start":{"line":26,"column":41},"end":{"line":26,"column":53}},"11":{"start":{"line":27,"column":33},"end":{"line":27,"column":45}},"12":{"start":{"line":28,"column":32},"end":{"line":28,"column":44}},"13":{"start":{"line":30,"column":26},"end":{"line":37,"column":3}},"14":{"start":{"line":31,"column":4},"end":{"line":36,"column":5}},"15":{"start":{"line":32,"column":32},"end":{"line":32,"column":72}},"16":{"start":{"line":32,"column":57},"end":{"line":32,"column":71}},"17":{"start":{"line":33,"column":6},"end":{"line":33,"column":38}},"18":{"start":{"line":35,"column":6},"end":{"line":35,"column":44}},"19":{"start":{"line":39,"column":28},"end":{"line":41,"column":3}},"20":{"start":{"line":40,"column":4},"end":{"line":40,"column":16}},"21":{"start":{"line":43,"column":23},"end":{"line":68,"column":3}},"22":{"start":{"line":44,"column":23},"end":{"line":44,"column":51}},"23":{"start":{"line":45,"column":23},"end":{"line":45,"column":53}},"24":{"start":{"line":46,"column":4},"end":{"line":67,"column":5}},"25":{"start":{"line":47,"column":6},"end":{"line":47,"column":93}},"26":{"start":{"line":48,"column":6},"end":{"line":48,"column":23}},"27":{"start":{"line":49,"column":6},"end":{"line":49,"column":18}},"28":{"start":{"line":50,"column":6},"end":{"line":50,"column":18}},"29":{"start":{"line":51,"column":6},"end":{"line":51,"column":19}},"30":{"start":{"line":52,"column":6},"end":{"line":52,"column":17}},"31":{"start":{"line":53,"column":6},"end":{"line":53,"column":17}},"32":{"start":{"line":54,"column":6},"end":{"line":54,"column":25}},"33":{"start":{"line":55,"column":6},"end":{"line":55,"column":25}},"34":{"start":{"line":56,"column":6},"end":{"line":56,"column":20}},"35":{"start":{"line":57,"column":6},"end":{"line":57,"column":48}},"36":{"start":{"line":58,"column":6},"end":{"line":58,"column":17}},"37":{"start":{"line":59,"column":6},"end":{"line":61,"column":15}},"38":{"start":{"line":60,"column":8},"end":{"line":60,"column":23}},"39":{"start":{"line":63,"column":6},"end":{"line":63,"column":80}},"40":{"start":{"line":64,"column":6},"end":{"line":66,"column":15}},"41":{"start":{"line":65,"column":8},"end":{"line":65,"column":23}},"42":{"start":{"line":70,"column":2},"end":{"line":223,"column":4}},"43":{"start":{"line":78,"column":33},"end":{"line":78,"column":66}},"44":{"start":{"line":85,"column":33},"end":{"line":85,"column":66}},"45":{"start":{"line":92,"column":33},"end":{"line":92,"column":67}},"46":{"start":{"line":100,"column":33},"end":{"line":100,"column":77}},"47":{"start":{"line":108,"column":33},"end":{"line":108,"column":77}},"48":{"start":{"line":117,"column":33},"end":{"line":117,"column":73}},"49":{"start":{"line":126,"column":33},"end":{"line":126,"column":73}},"50":{"start":{"line":133,"column":33},"end":{"line":133,"column":68}},"51":{"start":{"line":139,"column":25},"end":{"line":139,"column":48}},"52":{"start":{"line":150,"column":25},"end":{"line":150,"column":48}},"53":{"start":{"line":161,"column":25},"end":{"line":161,"column":48}},"54":{"start":{"line":172,"column":25},"end":{"line":172,"column":48}},"55":{"start":{"line":183,"column":25},"end":{"line":183,"column":47}},"56":{"start":{"line":194,"column":25},"end":{"line":194,"column":49}},"57":{"start":{"line":205,"column":25},"end":{"line":205,"column":48}},"58":{"start":{"line":226,"column":15},"end":{"line":285,"column":2}}},"fnMap":{"0":{"name":"(anonymous_0)","decl":{"start":{"line":18,"column":24},"end":{"line":18,"column":25}},"loc":{"start":{"line":18,"column":42},"end":{"line":224,"column":1}},"line":18},"1":{"name":"(anonymous_1)","decl":{"start":{"line":30,"column":26},"end":{"line":30,"column":27}},"loc":{"start":{"line":30,"column":39},"end":{"line":37,"column":3}},"line":30},"2":{"name":"(anonymous_2)","decl":{"start":{"line":32,"column":49},"end":{"line":32,"column":50}},"loc":{"start":{"line":32,"column":57},"end":{"line":32,"column":71}},"line":32},"3":{"name":"(anonymous_3)","decl":{"start":{"line":39,"column":28},"end":{"line":39,"column":29}},"loc":{"start":{"line":39,"column":45},"end":{"line":41,"column":3}},"line":39},"4":{"name":"(anonymous_4)","decl":{"start":{"line":43,"column":23},"end":{"line":43,"column":24}},"loc":{"start":{"line":43,"column":29},"end":{"line":68,"column":3}},"line":43},"5":{"name":"(anonymous_5)","decl":{"start":{"line":59,"column":17},"end":{"line":59,"column":18}},"loc":{"start":{"line":59,"column":23},"end":{"line":61,"column":7}},"line":59},"6":{"name":"(anonymous_6)","decl":{"start":{"line":64,"column":17},"end":{"line":64,"column":18}},"loc":{"start":{"line":64,"column":23},"end":{"line":66,"column":7}},"line":64},"7":{"name":"(anonymous_7)","decl":{"start":{"line":78,"column":22},"end":{"line":78,"column":23}},"loc":{"start":{"line":78,"column":33},"end":{"line":78,"column":66}},"line":78},"8":{"name":"(anonymous_8)","decl":{"start":{"line":85,"column":22},"end":{"line":85,"column":23}},"loc":{"start":{"line":85,"column":33},"end":{"line":85,"column":66}},"line":85},"9":{"name":"(anonymous_9)","decl":{"start":{"line":92,"column":22},"end":{"line":92,"column":23}},"loc":{"start":{"line":92,"column":33},"end":{"line":92,"column":67}},"line":92},"10":{"name":"(anonymous_10)","decl":{"start":{"line":100,"column":22},"end":{"line":100,"column":23}},"loc":{"start":{"line":100,"column":33},"end":{"line":100,"column":77}},"line":100},"11":{"name":"(anonymous_11)","decl":{"start":{"line":108,"column":22},"end":{"line":108,"column":23}},"loc":{"start":{"line":108,"column":33},"end":{"line":108,"column":77}},"line":108},"12":{"name":"(anonymous_12)","decl":{"start":{"line":117,"column":22},"end":{"line":117,"column":23}},"loc":{"start":{"line":117,"column":33},"end":{"line":117,"column":73}},"line":117},"13":{"name":"(anonymous_13)","decl":{"start":{"line":126,"column":22},"end":{"line":126,"column":23}},"loc":{"start":{"line":126,"column":33},"end":{"line":126,"column":73}},"line":126},"14":{"name":"(anonymous_14)","decl":{"start":{"line":133,"column":22},"end":{"line":133,"column":23}},"loc":{"start":{"line":133,"column":33},"end":{"line":133,"column":68}},"line":133},"15":{"name":"(anonymous_15)","decl":{"start":{"line":139,"column":19},"end":{"line":139,"column":20}},"loc":{"start":{"line":139,"column":25},"end":{"line":139,"column":48}},"line":139},"16":{"name":"(anonymous_16)","decl":{"start":{"line":150,"column":19},"end":{"line":150,"column":20}},"loc":{"start":{"line":150,"column":25},"end":{"line":150,"column":48}},"line":150},"17":{"name":"(anonymous_17)","decl":{"start":{"line":161,"column":19},"end":{"line":161,"column":20}},"loc":{"start":{"line":161,"column":25},"end":{"line":161,"column":48}},"line":161},"18":{"name":"(anonymous_18)","decl":{"start":{"line":172,"column":19},"end":{"line":172,"column":20}},"loc":{"start":{"line":172,"column":25},"end":{"line":172,"column":48}},"line":172},"19":{"name":"(anonymous_19)","decl":{"start":{"line":183,"column":19},"end":{"line":183,"column":20}},"loc":{"start":{"line":183,"column":25},"end":{"line":183,"column":47}},"line":183},"20":{"name":"(anonymous_20)","decl":{"start":{"line":194,"column":19},"end":{"line":194,"column":20}},"loc":{"start":{"line":194,"column":25},"end":{"line":194,"column":49}},"line":194},"21":{"name":"(anonymous_21)","decl":{"start":{"line":205,"column":19},"end":{"line":205,"column":20}},"loc":{"start":{"line":205,"column":25},"end":{"line":205,"column":48}},"line":205}},"branchMap":{"0":{"loc":{"start":{"line":31,"column":4},"end":{"line":36,"column":5}},"type":"if","locations":[{"start":{"line":31,"column":4},"end":{"line":36,"column":5}},{"start":{"line":31,"column":4},"end":{"line":36,"column":5}}],"line":31},"1":{"loc":{"start":{"line":44,"column":23},"end":{"line":44,"column":51}},"type":"binary-expr","locations":[{"start":{"line":44,"column":23},"end":{"line":44,"column":26}},{"start":{"line":44,"column":30},"end":{"line":44,"column":39}},{"start":{"line":44,"column":43},"end":{"line":44,"column":51}}],"line":44},"2":{"loc":{"start":{"line":45,"column":23},"end":{"line":45,"column":53}},"type":"binary-expr","locations":[{"start":{"line":45,"column":23},"end":{"line":45,"column":26}},{"start":{"line":45,"column":30},"end":{"line":45,"column":40}},{"start":{"line":45,"column":44},"end":{"line":45,"column":53}}],"line":45},"3":{"loc":{"start":{"line":46,"column":4},"end":{"line":67,"column":5}},"type":"if","locations":[{"start":{"line":46,"column":4},"end":{"line":67,"column":5}},{"start":{"line":46,"column":4},"end":{"line":67,"column":5}}],"line":46},"4":{"loc":{"start":{"line":46,"column":8},"end":{"line":46,"column":40}},"type":"binary-expr","locations":[{"start":{"line":46,"column":8},"end":{"line":46,"column":18}},{"start":{"line":46,"column":22},"end":{"line":46,"column":32}},{"start":{"line":46,"column":36},"end":{"line":46,"column":40}}],"line":46},"5":{"loc":{"start":{"line":144,"column":20},"end":{"line":144,"column":71}},"type":"cond-expr","locations":[{"start":{"line":144,"column":49},"end":{"line":144,"column":58}},{"start":{"line":144,"column":61},"end":{"line":144,"column":71}}],"line":144},"6":{"loc":{"start":{"line":155,"column":20},"end":{"line":155,"column":71}},"type":"cond-expr","locations":[{"start":{"line":155,"column":49},"end":{"line":155,"column":58}},{"start":{"line":155,"column":61},"end":{"line":155,"column":71}}],"line":155},"7":{"loc":{"start":{"line":166,"column":20},"end":{"line":166,"column":71}},"type":"cond-expr","locations":[{"start":{"line":166,"column":49},"end":{"line":166,"column":58}},{"start":{"line":166,"column":61},"end":{"line":166,"column":71}}],"line":166},"8":{"loc":{"start":{"line":177,"column":20},"end":{"line":177,"column":71}},"type":"cond-expr","locations":[{"start":{"line":177,"column":49},"end":{"line":177,"column":58}},{"start":{"line":177,"column":61},"end":{"line":177,"column":71}}],"line":177},"9":{"loc":{"start":{"line":188,"column":20},"end":{"line":188,"column":70}},"type":"cond-expr","locations":[{"start":{"line":188,"column":48},"end":{"line":188,"column":57}},{"start":{"line":188,"column":60},"end":{"line":188,"column":70}}],"line":188},"10":{"loc":{"start":{"line":199,"column":20},"end":{"line":199,"column":72}},"type":"cond-expr","locations":[{"start":{"line":199,"column":50},"end":{"line":199,"column":59}},{"start":{"line":199,"column":62},"end":{"line":199,"column":72}}],"line":199},"11":{"loc":{"start":{"line":210,"column":20},"end":{"line":210,"column":71}},"type":"cond-expr","locations":[{"start":{"line":210,"column":49},"end":{"line":210,"column":58}},{"start":{"line":210,"column":61},"end":{"line":210,"column":71}}],"line":210},"12":{"loc":{"start":{"line":215,"column":7},"end":{"line":215,"column":65}},"type":"binary-expr","locations":[{"start":{"line":215,"column":7},"end":{"line":215,"column":16}},{"start":{"line":215,"column":20},"end":{"line":215,"column":65}}],"line":215}},"s":{"0":2,"1":2,"2":2,"3":22,"4":22,"5":22,"6":22,"7":22,"8":22,"9":22,"10":22,"11":22,"12":22,"13":22,"14":0,"15":0,"16":0,"17":0,"18":0,"19":22,"20":14,"21":22,"22":3,"23":3,"24":3,"25":1,"26":1,"27":1,"28":1,"29":1,"30":1,"31":1,"32":1,"33":1,"34":1,"35":1,"36":1,"37":1,"38":0,"39":2,"40":2,"41":0,"42":22,"43":3,"44":1,"45":1,"46":3,"47":3,"48":1,"49":1,"50":1,"51":0,"52":0,"53":0,"54":0,"55":0,"56":0,"57":0,"58":2},"f":{"0":22,"1":0,"2":0,"3":14,"4":3,"5":0,"6":0,"7":3,"8":1,"9":1,"10":3,"11":3,"12":1,"13":1,"14":1,"15":0,"16":0,"17":0,"18":0,"19":0,"20":0,"21":0},"b":{"0":[0,0],"1":[3,2,2],"2":[3,2,2],"3":[1,2],"4":[3,2,1],"5":[0,22],"6":[0,22],"7":[0,22],"8":[0,22],"9":[0,22],"10":[0,22],"11":[0,22],"12":[22,3]},"_coverageSchema":"1a1c01bbd47fc00a2c39e90264f33305004495a9","hash":"458008ddcb5e0daef56a60749f8a4473bdde9ff0"}
,"/Users/lilianamanrique/turing/4module/Wildernests_FE/src/QuickView/QuickView.js": {"path":"/Users/lilianamanrique/turing/4module/Wildernests_FE/src/QuickView/QuickView.js","statementMap":{"0":{"start":{"line":13,"column":25},"end":{"line":91,"column":1}},"1":{"start":{"line":21,"column":6},"end":{"line":21,"column":14}},"2":{"start":{"line":22,"column":22},"end":{"line":22,"column":36}},"3":{"start":{"line":23,"column":2},"end":{"line":25,"column":3}},"4":{"start":{"line":24,"column":4},"end":{"line":24,"column":22}},"5":{"start":{"line":26,"column":21},"end":{"line":26,"column":36}},"6":{"start":{"line":28,"column":28},"end":{"line":37,"column":3}},"7":{"start":{"line":29,"column":21},"end":{"line":29,"column":45}},"8":{"start":{"line":30,"column":24},"end":{"line":32,"column":5}},"9":{"start":{"line":33,"column":23},"end":{"line":35,"column":5}},"10":{"start":{"line":36,"column":4},"end":{"line":36,"column":42}},"11":{"start":{"line":39,"column":16},"end":{"line":39,"column":48}},"12":{"start":{"line":41,"column":23},"end":{"line":41,"column":59}},"13":{"start":{"line":41,"column":47},"end":{"line":41,"column":58}},"14":{"start":{"line":43,"column":28},"end":{"line":45,"column":3}},"15":{"start":{"line":44,"column":4},"end":{"line":44,"column":52}},"16":{"start":{"line":47,"column":29},"end":{"line":47,"column":77}},"17":{"start":{"line":48,"column":20},"end":{"line":48,"column":37}},"18":{"start":{"line":50,"column":4},"end":{"line":52,"column":11}},"19":{"start":{"line":55,"column":2},"end":{"line":90,"column":4}},"20":{"start":{"line":68,"column":12},"end":{"line":68,"column":67}},"21":{"start":{"line":70,"column":41},"end":{"line":70,"column":57}},"22":{"start":{"line":79,"column":14},"end":{"line":79,"column":92}},"23":{"start":{"line":81,"column":43},"end":{"line":81,"column":59}},"24":{"start":{"line":82,"column":38},"end":{"line":82,"column":54}},"25":{"start":{"line":93,"column":15},"end":{"line":147,"column":2}}},"fnMap":{"0":{"name":"(anonymous_0)","decl":{"start":{"line":13,"column":25},"end":{"line":13,"column":26}},"loc":{"start":{"line":13,"column":43},"end":{"line":91,"column":1}},"line":13},"1":{"name":"(anonymous_1)","decl":{"start":{"line":28,"column":28},"end":{"line":28,"column":29}},"loc":{"start":{"line":28,"column":47},"end":{"line":37,"column":3}},"line":28},"2":{"name":"(anonymous_2)","decl":{"start":{"line":41,"column":37},"end":{"line":41,"column":38}},"loc":{"start":{"line":41,"column":47},"end":{"line":41,"column":58}},"line":41},"3":{"name":"(anonymous_3)","decl":{"start":{"line":43,"column":28},"end":{"line":43,"column":29}},"loc":{"start":{"line":43,"column":34},"end":{"line":45,"column":3}},"line":43},"4":{"name":"(anonymous_4)","decl":{"start":{"line":67,"column":22},"end":{"line":67,"column":23}},"loc":{"start":{"line":68,"column":12},"end":{"line":68,"column":67}},"line":68},"5":{"name":"(anonymous_5)","decl":{"start":{"line":70,"column":24},"end":{"line":70,"column":25}},"loc":{"start":{"line":70,"column":41},"end":{"line":70,"column":57}},"line":70},"6":{"name":"(anonymous_6)","decl":{"start":{"line":78,"column":24},"end":{"line":78,"column":25}},"loc":{"start":{"line":79,"column":14},"end":{"line":79,"column":92}},"line":79},"7":{"name":"(anonymous_7)","decl":{"start":{"line":81,"column":26},"end":{"line":81,"column":27}},"loc":{"start":{"line":81,"column":43},"end":{"line":81,"column":59}},"line":81},"8":{"name":"(anonymous_8)","decl":{"start":{"line":82,"column":21},"end":{"line":82,"column":22}},"loc":{"start":{"line":82,"column":38},"end":{"line":82,"column":54}},"line":82}},"branchMap":{"0":{"loc":{"start":{"line":23,"column":2},"end":{"line":25,"column":3}},"type":"if","locations":[{"start":{"line":23,"column":2},"end":{"line":25,"column":3}},{"start":{"line":23,"column":2},"end":{"line":25,"column":3}}],"line":23},"1":{"loc":{"start":{"line":47,"column":29},"end":{"line":47,"column":77}},"type":"binary-expr","locations":[{"start":{"line":47,"column":29},"end":{"line":47,"column":40}},{"start":{"line":47,"column":44},"end":{"line":47,"column":77}}],"line":47},"2":{"loc":{"start":{"line":48,"column":20},"end":{"line":48,"column":37}},"type":"binary-expr","locations":[{"start":{"line":48,"column":20},"end":{"line":48,"column":26}},{"start":{"line":48,"column":30},"end":{"line":48,"column":37}}],"line":48},"3":{"loc":{"start":{"line":62,"column":7},"end":{"line":62,"column":28}},"type":"binary-expr","locations":[{"start":{"line":62,"column":7},"end":{"line":62,"column":16}},{"start":{"line":62,"column":20},"end":{"line":62,"column":28}}],"line":62},"4":{"loc":{"start":{"line":73,"column":7},"end":{"line":85,"column":7}},"type":"binary-expr","locations":[{"start":{"line":73,"column":7},"end":{"line":73,"column":23}},{"start":{"line":74,"column":8},"end":{"line":84,"column":15}}],"line":73},"5":{"loc":{"start":{"line":86,"column":7},"end":{"line":86,"column":52}},"type":"binary-expr","locations":[{"start":{"line":86,"column":7},"end":{"line":86,"column":21}},{"start":{"line":86,"column":25},"end":{"line":86,"column":52}}],"line":86}},"s":{"0":4,"1":1,"2":1,"3":1,"4":0,"5":1,"6":1,"7":1,"8":1,"9":1,"10":1,"11":1,"12":1,"13":2,"14":1,"15":0,"16":1,"17":1,"18":1,"19":1,"20":5,"21":5,"22":2,"23":2,"24":0,"25":4},"f":{"0":1,"1":1,"2":2,"3":0,"4":5,"5":5,"6":2,"7":2,"8":0},"b":{"0":[0,1],"1":[1,1],"2":[1,1],"3":[1,1],"4":[1,1],"5":[1,0]},"_coverageSchema":"1a1c01bbd47fc00a2c39e90264f33305004495a9","hash":"09d4fd9af25a53b1a561827ba00475422b534fa4"}
,"/Users/lilianamanrique/turing/4module/Wildernests_FE/src/SiteDetails/SiteDetails.js": {"path":"/Users/lilianamanrique/turing/4module/Wildernests_FE/src/SiteDetails/SiteDetails.js","statementMap":{"0":{"start":{"line":20,"column":27},"end":{"line":183,"column":1}},"1":{"start":{"line":21,"column":21},"end":{"line":21,"column":36}},"2":{"start":{"line":36,"column":6},"end":{"line":36,"column":18}},"3":{"start":{"line":38,"column":23},"end":{"line":48,"column":9}},"4":{"start":{"line":50,"column":34},"end":{"line":50,"column":46}},"5":{"start":{"line":51,"column":22},"end":{"line":51,"column":36}},"6":{"start":{"line":53,"column":2},"end":{"line":55,"column":3}},"7":{"start":{"line":54,"column":4},"end":{"line":54,"column":22}},"8":{"start":{"line":57,"column":2},"end":{"line":59,"column":9}},"9":{"start":{"line":58,"column":4},"end":{"line":58,"column":34}},"10":{"start":{"line":61,"column":24},"end":{"line":68,"column":3}},"11":{"start":{"line":66,"column":14},"end":{"line":66,"column":87}},"12":{"start":{"line":67,"column":4},"end":{"line":67,"column":25}},"13":{"start":{"line":70,"column":28},"end":{"line":79,"column":3}},"14":{"start":{"line":71,"column":21},"end":{"line":71,"column":38}},"15":{"start":{"line":72,"column":24},"end":{"line":74,"column":5}},"16":{"start":{"line":75,"column":23},"end":{"line":77,"column":5}},"17":{"start":{"line":78,"column":4},"end":{"line":78,"column":42}},"18":{"start":{"line":81,"column":23},"end":{"line":81,"column":59}},"19":{"start":{"line":81,"column":47},"end":{"line":81,"column":58}},"20":{"start":{"line":83,"column":16},"end":{"line":83,"column":48}},"21":{"start":{"line":85,"column":23},"end":{"line":88,"column":3}},"22":{"start":{"line":86,"column":22},"end":{"line":86,"column":31}},"23":{"start":{"line":87,"column":4},"end":{"line":87,"column":65}},"24":{"start":{"line":90,"column":2},"end":{"line":182,"column":4}},"25":{"start":{"line":101,"column":12},"end":{"line":106,"column":31}},"26":{"start":{"line":103,"column":29},"end":{"line":103,"column":48}},"27":{"start":{"line":108,"column":41},"end":{"line":108,"column":57}},"28":{"start":{"line":125,"column":14},"end":{"line":125,"column":92}},"29":{"start":{"line":127,"column":43},"end":{"line":127,"column":59}},"30":{"start":{"line":128,"column":38},"end":{"line":128,"column":54}},"31":{"start":{"line":148,"column":23},"end":{"line":148,"column":72}},"32":{"start":{"line":166,"column":14},"end":{"line":166,"column":55}},"33":{"start":{"line":168,"column":31},"end":{"line":168,"column":49}},"34":{"start":{"line":169,"column":36},"end":{"line":169,"column":54}},"35":{"start":{"line":173,"column":27},"end":{"line":173,"column":76}},"36":{"start":{"line":185,"column":15},"end":{"line":264,"column":2}}},"fnMap":{"0":{"name":"(anonymous_0)","decl":{"start":{"line":20,"column":27},"end":{"line":20,"column":28}},"loc":{"start":{"line":20,"column":42},"end":{"line":183,"column":1}},"line":20},"1":{"name":"(anonymous_1)","decl":{"start":{"line":57,"column":12},"end":{"line":57,"column":13}},"loc":{"start":{"line":57,"column":18},"end":{"line":59,"column":3}},"line":57},"2":{"name":"(anonymous_2)","decl":{"start":{"line":61,"column":24},"end":{"line":61,"column":25}},"loc":{"start":{"line":61,"column":30},"end":{"line":68,"column":3}},"line":61},"3":{"name":"(anonymous_3)","decl":{"start":{"line":70,"column":28},"end":{"line":70,"column":29}},"loc":{"start":{"line":70,"column":40},"end":{"line":79,"column":3}},"line":70},"4":{"name":"(anonymous_4)","decl":{"start":{"line":81,"column":37},"end":{"line":81,"column":38}},"loc":{"start":{"line":81,"column":47},"end":{"line":81,"column":58}},"line":81},"5":{"name":"(anonymous_5)","decl":{"start":{"line":85,"column":23},"end":{"line":85,"column":24}},"loc":{"start":{"line":85,"column":34},"end":{"line":88,"column":3}},"line":85},"6":{"name":"(anonymous_6)","decl":{"start":{"line":100,"column":22},"end":{"line":100,"column":23}},"loc":{"start":{"line":101,"column":12},"end":{"line":106,"column":31}},"line":101},"7":{"name":"(anonymous_7)","decl":{"start":{"line":103,"column":23},"end":{"line":103,"column":24}},"loc":{"start":{"line":103,"column":29},"end":{"line":103,"column":48}},"line":103},"8":{"name":"(anonymous_8)","decl":{"start":{"line":108,"column":24},"end":{"line":108,"column":25}},"loc":{"start":{"line":108,"column":41},"end":{"line":108,"column":57}},"line":108},"9":{"name":"(anonymous_9)","decl":{"start":{"line":124,"column":24},"end":{"line":124,"column":25}},"loc":{"start":{"line":125,"column":14},"end":{"line":125,"column":92}},"line":125},"10":{"name":"(anonymous_10)","decl":{"start":{"line":127,"column":26},"end":{"line":127,"column":27}},"loc":{"start":{"line":127,"column":43},"end":{"line":127,"column":59}},"line":127},"11":{"name":"(anonymous_11)","decl":{"start":{"line":128,"column":21},"end":{"line":128,"column":22}},"loc":{"start":{"line":128,"column":38},"end":{"line":128,"column":54}},"line":128},"12":{"name":"(anonymous_12)","decl":{"start":{"line":148,"column":17},"end":{"line":148,"column":18}},"loc":{"start":{"line":148,"column":23},"end":{"line":148,"column":72}},"line":148},"13":{"name":"(anonymous_13)","decl":{"start":{"line":165,"column":24},"end":{"line":165,"column":25}},"loc":{"start":{"line":166,"column":14},"end":{"line":166,"column":55}},"line":166},"14":{"name":"(anonymous_14)","decl":{"start":{"line":168,"column":21},"end":{"line":168,"column":22}},"loc":{"start":{"line":168,"column":31},"end":{"line":168,"column":49}},"line":168},"15":{"name":"(anonymous_15)","decl":{"start":{"line":169,"column":26},"end":{"line":169,"column":27}},"loc":{"start":{"line":169,"column":36},"end":{"line":169,"column":54}},"line":169},"16":{"name":"(anonymous_16)","decl":{"start":{"line":173,"column":21},"end":{"line":173,"column":22}},"loc":{"start":{"line":173,"column":27},"end":{"line":173,"column":76}},"line":173}},"branchMap":{"0":{"loc":{"start":{"line":38,"column":23},"end":{"line":48,"column":9}},"type":"cond-expr","locations":[{"start":{"line":39,"column":7},"end":{"line":44,"column":8}},{"start":{"line":45,"column":7},"end":{"line":48,"column":8}}],"line":38},"1":{"loc":{"start":{"line":53,"column":2},"end":{"line":55,"column":3}},"type":"if","locations":[{"start":{"line":53,"column":2},"end":{"line":55,"column":3}},{"start":{"line":53,"column":2},"end":{"line":55,"column":3}}],"line":53},"2":{"loc":{"start":{"line":110,"column":9},"end":{"line":117,"column":9}},"type":"cond-expr","locations":[{"start":{"line":111,"column":10},"end":{"line":111,"column":70}},{"start":{"line":113,"column":10},"end":{"line":116,"column":17}}],"line":110},"3":{"loc":{"start":{"line":119,"column":7},"end":{"line":131,"column":7}},"type":"binary-expr","locations":[{"start":{"line":119,"column":7},"end":{"line":119,"column":23}},{"start":{"line":120,"column":8},"end":{"line":130,"column":15}}],"line":119},"4":{"loc":{"start":{"line":162,"column":9},"end":{"line":179,"column":9}},"type":"cond-expr","locations":[{"start":{"line":163,"column":10},"end":{"line":170,"column":12}},{"start":{"line":172,"column":10},"end":{"line":178,"column":29}}],"line":162}},"s":{"0":2,"1":3,"2":3,"3":3,"4":3,"5":3,"6":3,"7":0,"8":3,"9":3,"10":3,"11":0,"12":0,"13":3,"14":3,"15":3,"16":3,"17":3,"18":3,"19":6,"20":3,"21":3,"22":1,"23":1,"24":3,"25":15,"26":1,"27":15,"28":6,"29":6,"30":0,"31":1,"32":0,"33":0,"34":0,"35":0,"36":2},"f":{"0":3,"1":3,"2":0,"3":3,"4":6,"5":1,"6":15,"7":1,"8":15,"9":6,"10":6,"11":0,"12":1,"13":0,"14":0,"15":0,"16":0},"b":{"0":[0,3],"1":[0,3],"2":[0,3],"3":[3,3],"4":[0,3]},"_coverageSchema":"1a1c01bbd47fc00a2c39e90264f33305004495a9","hash":"467b9dbe5c892256c280470b7bfc13b32ebdb0bf"}
,"/Users/lilianamanrique/turing/4module/Wildernests_FE/src/ToggleView/ToggleView.js": {"path":"/Users/lilianamanrique/turing/4module/Wildernests_FE/src/ToggleView/ToggleView.js","statementMap":{"0":{"start":{"line":7,"column":26},"end":{"line":48,"column":1}},"1":{"start":{"line":8,"column":40},"end":{"line":8,"column":60}},"2":{"start":{"line":9,"column":2},"end":{"line":47,"column":4}},"3":{"start":{"line":13,"column":25},"end":{"line":13,"column":51}},"4":{"start":{"line":29,"column":25},"end":{"line":29,"column":52}},"5":{"start":{"line":50,"column":15},"end":{"line":80,"column":2}}},"fnMap":{"0":{"name":"(anonymous_0)","decl":{"start":{"line":7,"column":26},"end":{"line":7,"column":27}},"loc":{"start":{"line":7,"column":40},"end":{"line":48,"column":1}},"line":7},"1":{"name":"(anonymous_1)","decl":{"start":{"line":13,"column":19},"end":{"line":13,"column":20}},"loc":{"start":{"line":13,"column":25},"end":{"line":13,"column":51}},"line":13},"2":{"name":"(anonymous_2)","decl":{"start":{"line":29,"column":19},"end":{"line":29,"column":20}},"loc":{"start":{"line":29,"column":25},"end":{"line":29,"column":52}},"line":29}},"branchMap":{"0":{"loc":{"start":{"line":15,"column":12},"end":{"line":15,"column":76}},"type":"cond-expr","locations":[{"start":{"line":15,"column":41},"end":{"line":15,"column":56}},{"start":{"line":15,"column":59},"end":{"line":15,"column":76}}],"line":15},"1":{"loc":{"start":{"line":20,"column":14},"end":{"line":22,"column":39}},"type":"cond-expr","locations":[{"start":{"line":21,"column":18},"end":{"line":21,"column":37}},{"start":{"line":22,"column":18},"end":{"line":22,"column":39}}],"line":20},"2":{"loc":{"start":{"line":31,"column":12},"end":{"line":31,"column":77}},"type":"cond-expr","locations":[{"start":{"line":31,"column":42},"end":{"line":31,"column":57}},{"start":{"line":31,"column":60},"end":{"line":31,"column":77}}],"line":31},"3":{"loc":{"start":{"line":36,"column":14},"end":{"line":38,"column":39}},"type":"cond-expr","locations":[{"start":{"line":37,"column":18},"end":{"line":37,"column":37}},{"start":{"line":38,"column":18},"end":{"line":38,"column":39}}],"line":36},"4":{"loc":{"start":{"line":45,"column":7},"end":{"line":45,"column":85}},"type":"cond-expr","locations":[{"start":{"line":45,"column":37},"end":{"line":45,"column":60}},{"start":{"line":45,"column":63},"end":{"line":45,"column":85}}],"line":45}},"s":{"0":2,"1":4,"2":4,"3":0,"4":1,"5":2},"f":{"0":4,"1":0,"2":1},"b":{"0":[3,1],"1":[3,1],"2":[1,3],"3":[1,3],"4":[1,3]},"_coverageSchema":"1a1c01bbd47fc00a2c39e90264f33305004495a9","hash":"bf32ebaf01f99daeba5ffe34edf19800def045ea"}
}
