{"/Users/harryborrelli/turing/4module/projects/WilderNests_FE/App.js": {"path":"/Users/harryborrelli/turing/4module/projects/WilderNests_FE/App.js","statementMap":{"0":{"start":{"line":11,"column":14},"end":{"line":11,"column":36}},"1":{"start":{"line":13,"column":12},"end":{"line":73,"column":1}},"2":{"start":{"line":14,"column":42},"end":{"line":14,"column":54}},"3":{"start":{"line":16,"column":2},"end":{"line":18,"column":9}},"4":{"start":{"line":17,"column":4},"end":{"line":17,"column":15}},"5":{"start":{"line":20,"column":19},"end":{"line":26,"column":3}},"6":{"start":{"line":21,"column":21},"end":{"line":23,"column":5}},"7":{"start":{"line":24,"column":17},"end":{"line":24,"column":38}},"8":{"start":{"line":25,"column":4},"end":{"line":25,"column":26}},"9":{"start":{"line":28,"column":22},"end":{"line":40,"column":3}},"10":{"start":{"line":42,"column":26},"end":{"line":42,"column":66}},"11":{"start":{"line":42,"column":32},"end":{"line":42,"column":66}},"12":{"start":{"line":44,"column":28},"end":{"line":44,"column":66}},"13":{"start":{"line":44,"column":34},"end":{"line":44,"column":66}},"14":{"start":{"line":46,"column":2},"end":{"line":72,"column":4}}},"fnMap":{"0":{"name":"(anonymous_0)","decl":{"start":{"line":13,"column":12},"end":{"line":13,"column":13}},"loc":{"start":{"line":13,"column":18},"end":{"line":73,"column":1}},"line":13},"1":{"name":"(anonymous_1)","decl":{"start":{"line":16,"column":12},"end":{"line":16,"column":13}},"loc":{"start":{"line":16,"column":18},"end":{"line":18,"column":3}},"line":16},"2":{"name":"(anonymous_2)","decl":{"start":{"line":20,"column":19},"end":{"line":20,"column":20}},"loc":{"start":{"line":20,"column":31},"end":{"line":26,"column":3}},"line":20},"3":{"name":"(anonymous_3)","decl":{"start":{"line":42,"column":26},"end":{"line":42,"column":27}},"loc":{"start":{"line":42,"column":32},"end":{"line":42,"column":66}},"line":42},"4":{"name":"(anonymous_4)","decl":{"start":{"line":44,"column":28},"end":{"line":44,"column":29}},"loc":{"start":{"line":44,"column":34},"end":{"line":44,"column":66}},"line":44}},"branchMap":{},"s":{"0":1,"1":1,"2":1,"3":1,"4":1,"5":1,"6":1,"7":0,"8":0,"9":1,"10":1,"11":0,"12":1,"13":0,"14":1},"f":{"0":1,"1":1,"2":1,"3":0,"4":0},"b":{},"_coverageSchema":"1a1c01bbd47fc00a2c39e90264f33305004495a9","hash":"9ccf2fff83dd1c8aa2a6e12be642dcd8b2ce3ac3"}
,"/Users/harryborrelli/turing/4module/projects/WilderNests_FE/sample-data.js": {"path":"/Users/harryborrelli/turing/4module/projects/WilderNests_FE/sample-data.js","statementMap":{"0":{"start":{"line":1,"column":20},"end":{"line":52,"column":1}}},"fnMap":{},"branchMap":{},"s":{"0":3},"f":{},"b":{},"_coverageSchema":"1a1c01bbd47fc00a2c39e90264f33305004495a9","hash":"2c71456f8895138543d419c4dab1045325f166b5"}
,"/Users/harryborrelli/turing/4module/projects/WilderNests_FE/assets/constants/constants.js": {"path":"/Users/harryborrelli/turing/4module/projects/WilderNests_FE/assets/constants/constants.js","statementMap":{"0":{"start":{"line":1,"column":22},"end":{"line":7,"column":1}}},"fnMap":{},"branchMap":{},"s":{"0":7},"f":{},"b":{},"_coverageSchema":"1a1c01bbd47fc00a2c39e90264f33305004495a9","hash":"db492487842a021b1bf9d05e82a9319f2d708939"}
,"/Users/harryborrelli/turing/4module/projects/WilderNests_FE/assets/fonts/MavenPro-Medium.ttf": {"path":"/Users/harryborrelli/turing/4module/projects/WilderNests_FE/assets/fonts/MavenPro-Medium.ttf","statementMap":{"0":{"start":{"line":1,"column":0},"end":{"line":1,"column":19}}},"fnMap":{},"branchMap":{},"s":{"0":2},"f":{},"b":{},"inputSourceMap":null,"_coverageSchema":"1a1c01bbd47fc00a2c39e90264f33305004495a9","hash":"40ec3de4badc03d5476af576f71146be07acd09f"}
,"/Users/harryborrelli/turing/4module/projects/WilderNests_FE/assets/fonts/MavenPro-Regular.ttf": {"path":"/Users/harryborrelli/turing/4module/projects/WilderNests_FE/assets/fonts/MavenPro-Regular.ttf","statementMap":{"0":{"start":{"line":1,"column":0},"end":{"line":1,"column":19}}},"fnMap":{},"branchMap":{},"s":{"0":2},"f":{},"b":{},"inputSourceMap":null,"_coverageSchema":"1a1c01bbd47fc00a2c39e90264f33305004495a9","hash":"b5b2655d91474adf8124d817bfa7c040dccf5681"}
,"/Users/harryborrelli/turing/4module/projects/WilderNests_FE/assets/fonts/PatuaOne-Regular.ttf": {"path":"/Users/harryborrelli/turing/4module/projects/WilderNests_FE/assets/fonts/PatuaOne-Regular.ttf","statementMap":{"0":{"start":{"line":1,"column":0},"end":{"line":1,"column":19}}},"fnMap":{},"branchMap":{},"s":{"0":2},"f":{},"b":{},"inputSourceMap":null,"_coverageSchema":"1a1c01bbd47fc00a2c39e90264f33305004495a9","hash":"01e7592c6651f1fdcea4d2020b5aba361a070609"}
,"/Users/harryborrelli/turing/4module/projects/WilderNests_FE/assets/images/checkbox.png": {"path":"/Users/harryborrelli/turing/4module/projects/WilderNests_FE/assets/images/checkbox.png","statementMap":{"0":{"start":{"line":1,"column":0},"end":{"line":1,"column":19}}},"fnMap":{},"branchMap":{},"s":{"0":2},"f":{},"b":{},"inputSourceMap":null,"_coverageSchema":"1a1c01bbd47fc00a2c39e90264f33305004495a9","hash":"cfb9d53d25cd227ea5268d5a7cd7dde4a5862a86"}
,"/Users/harryborrelli/turing/4module/projects/WilderNests_FE/assets/images/done.png": {"path":"/Users/harryborrelli/turing/4module/projects/WilderNests_FE/assets/images/done.png","statementMap":{"0":{"start":{"line":1,"column":0},"end":{"line":1,"column":19}}},"fnMap":{},"branchMap":{},"s":{"0":2},"f":{},"b":{},"inputSourceMap":null,"_coverageSchema":"1a1c01bbd47fc00a2c39e90264f33305004495a9","hash":"745a789fd7713a51abd0614115cec653abc6953d"}
,"/Users/harryborrelli/turing/4module/projects/WilderNests_FE/assets/images/landing-bg.png": {"path":"/Users/harryborrelli/turing/4module/projects/WilderNests_FE/assets/images/landing-bg.png","statementMap":{"0":{"start":{"line":1,"column":0},"end":{"line":1,"column":19}}},"fnMap":{},"branchMap":{},"s":{"0":2},"f":{},"b":{},"inputSourceMap":null,"_coverageSchema":"1a1c01bbd47fc00a2c39e90264f33305004495a9","hash":"746834bbacf2a861fdc70b3dd5d7fa9e809071d1"}
,"/Users/harryborrelli/turing/4module/projects/WilderNests_FE/assets/images/tent-icon.png": {"path":"/Users/harryborrelli/turing/4module/projects/WilderNests_FE/assets/images/tent-icon.png","statementMap":{"0":{"start":{"line":1,"column":0},"end":{"line":1,"column":19}}},"fnMap":{},"branchMap":{},"s":{"0":2},"f":{},"b":{},"inputSourceMap":null,"_coverageSchema":"1a1c01bbd47fc00a2c39e90264f33305004495a9","hash":"85acb052e9e35f434c5e71f51da6c64c3d24d8f8"}
,"/Users/harryborrelli/turing/4module/projects/WilderNests_FE/assets/images/tent-location-icon.png": {"path":"/Users/harryborrelli/turing/4module/projects/WilderNests_FE/assets/images/tent-location-icon.png","statementMap":{"0":{"start":{"line":1,"column":0},"end":{"line":1,"column":19}}},"fnMap":{},"branchMap":{},"s":{"0":1},"f":{},"b":{},"inputSourceMap":null,"_coverageSchema":"1a1c01bbd47fc00a2c39e90264f33305004495a9","hash":"8f79d2b55ed9f35449d9409976ccabaea52515fd"}
,"/Users/harryborrelli/turing/4module/projects/WilderNests_FE/src/CommentCard/CommentCard.js": {"path":"/Users/harryborrelli/turing/4module/projects/WilderNests_FE/src/CommentCard/CommentCard.js","statementMap":{"0":{"start":{"line":13,"column":27},"end":{"line":45,"column":1}},"1":{"start":{"line":14,"column":58},"end":{"line":14,"column":62}},"2":{"start":{"line":16,"column":28},"end":{"line":25,"column":3}},"3":{"start":{"line":17,"column":21},"end":{"line":17,"column":51}},"4":{"start":{"line":18,"column":24},"end":{"line":20,"column":5}},"5":{"start":{"line":21,"column":23},"end":{"line":23,"column":5}},"6":{"start":{"line":24,"column":4},"end":{"line":24,"column":42}},"7":{"start":{"line":27,"column":16},"end":{"line":27,"column":41}},"8":{"start":{"line":29,"column":2},"end":{"line":44,"column":4}},"9":{"start":{"line":37,"column":12},"end":{"line":37,"column":67}},"10":{"start":{"line":39,"column":34},"end":{"line":39,"column":42}},"11":{"start":{"line":47,"column":15},"end":{"line":72,"column":2}}},"fnMap":{"0":{"name":"(anonymous_0)","decl":{"start":{"line":13,"column":27},"end":{"line":13,"column":28}},"loc":{"start":{"line":13,"column":41},"end":{"line":45,"column":1}},"line":13},"1":{"name":"(anonymous_1)","decl":{"start":{"line":16,"column":28},"end":{"line":16,"column":29}},"loc":{"start":{"line":16,"column":40},"end":{"line":25,"column":3}},"line":16},"2":{"name":"(anonymous_2)","decl":{"start":{"line":36,"column":22},"end":{"line":36,"column":23}},"loc":{"start":{"line":37,"column":12},"end":{"line":37,"column":67}},"line":37},"3":{"name":"(anonymous_3)","decl":{"start":{"line":39,"column":24},"end":{"line":39,"column":25}},"loc":{"start":{"line":39,"column":34},"end":{"line":39,"column":42}},"line":39}},"branchMap":{"0":{"loc":{"start":{"line":17,"column":21},"end":{"line":17,"column":51}},"type":"cond-expr","locations":[{"start":{"line":17,"column":30},"end":{"line":17,"column":47}},{"start":{"line":17,"column":50},"end":{"line":17,"column":51}}],"line":17}},"s":{"0":1,"1":0,"2":0,"3":0,"4":0,"5":0,"6":0,"7":0,"8":0,"9":0,"10":0,"11":1},"f":{"0":0,"1":0,"2":0,"3":0},"b":{"0":[0,0]},"_coverageSchema":"1a1c01bbd47fc00a2c39e90264f33305004495a9","hash":"5e65c16895324c2303ddce3ccb81edadcee87f0b"}
,"/Users/harryborrelli/turing/4module/projects/WilderNests_FE/src/CommentForm/CommentForm.js": {"path":"/Users/harryborrelli/turing/4module/projects/WilderNests_FE/src/CommentForm/CommentForm.js","statementMap":{"0":{"start":{"line":13,"column":27},"end":{"line":113,"column":1}},"1":{"start":{"line":14,"column":34},"end":{"line":14,"column":46}},"2":{"start":{"line":15,"column":30},"end":{"line":15,"column":49}},"3":{"start":{"line":16,"column":40},"end":{"line":16,"column":52}},"4":{"start":{"line":17,"column":28},"end":{"line":17,"column":40}},"5":{"start":{"line":18,"column":32},"end":{"line":18,"column":44}},"6":{"start":{"line":20,"column":28},"end":{"line":29,"column":3}},"7":{"start":{"line":21,"column":21},"end":{"line":21,"column":51}},"8":{"start":{"line":22,"column":24},"end":{"line":24,"column":5}},"9":{"start":{"line":25,"column":23},"end":{"line":27,"column":5}},"10":{"start":{"line":28,"column":4},"end":{"line":28,"column":42}},"11":{"start":{"line":31,"column":23},"end":{"line":31,"column":48}},"12":{"start":{"line":32,"column":28},"end":{"line":32,"column":50}},"13":{"start":{"line":34,"column":23},"end":{"line":39,"column":3}},"14":{"start":{"line":35,"column":22},"end":{"line":35,"column":31}},"15":{"start":{"line":36,"column":4},"end":{"line":36,"column":25}},"16":{"start":{"line":37,"column":21},"end":{"line":37,"column":49}},"17":{"start":{"line":38,"column":4},"end":{"line":38,"column":23}},"18":{"start":{"line":41,"column":23},"end":{"line":47,"column":3}},"19":{"start":{"line":42,"column":4},"end":{"line":42,"column":18}},"20":{"start":{"line":43,"column":4},"end":{"line":43,"column":18}},"21":{"start":{"line":44,"column":4},"end":{"line":44,"column":23}},"22":{"start":{"line":45,"column":4},"end":{"line":45,"column":17}},"23":{"start":{"line":46,"column":4},"end":{"line":46,"column":34}},"24":{"start":{"line":49,"column":22},"end":{"line":71,"column":3}},"25":{"start":{"line":50,"column":20},"end":{"line":55,"column":5}},"26":{"start":{"line":56,"column":4},"end":{"line":70,"column":5}},"27":{"start":{"line":57,"column":23},"end":{"line":66,"column":7}},"28":{"start":{"line":67,"column":6},"end":{"line":67,"column":35}},"29":{"start":{"line":69,"column":6},"end":{"line":69,"column":32}},"30":{"start":{"line":73,"column":19},"end":{"line":73,"column":52}},"31":{"start":{"line":75,"column":2},"end":{"line":112,"column":4}},"32":{"start":{"line":82,"column":10},"end":{"line":84,"column":29}},"33":{"start":{"line":82,"column":43},"end":{"line":82,"column":62}},"34":{"start":{"line":86,"column":32},"end":{"line":86,"column":40}},"35":{"start":{"line":93,"column":36},"end":{"line":93,"column":54}},"36":{"start":{"line":101,"column":38},"end":{"line":101,"column":64}},"37":{"start":{"line":115,"column":15},"end":{"line":166,"column":2}}},"fnMap":{"0":{"name":"(anonymous_0)","decl":{"start":{"line":13,"column":27},"end":{"line":13,"column":28}},"loc":{"start":{"line":13,"column":42},"end":{"line":113,"column":1}},"line":13},"1":{"name":"(anonymous_1)","decl":{"start":{"line":20,"column":28},"end":{"line":20,"column":29}},"loc":{"start":{"line":20,"column":40},"end":{"line":29,"column":3}},"line":20},"2":{"name":"(anonymous_2)","decl":{"start":{"line":34,"column":23},"end":{"line":34,"column":24}},"loc":{"start":{"line":34,"column":34},"end":{"line":39,"column":3}},"line":34},"3":{"name":"(anonymous_3)","decl":{"start":{"line":41,"column":23},"end":{"line":41,"column":24}},"loc":{"start":{"line":41,"column":29},"end":{"line":47,"column":3}},"line":41},"4":{"name":"(anonymous_4)","decl":{"start":{"line":49,"column":22},"end":{"line":49,"column":23}},"loc":{"start":{"line":49,"column":34},"end":{"line":71,"column":3}},"line":49},"5":{"name":"(anonymous_5)","decl":{"start":{"line":81,"column":20},"end":{"line":81,"column":21}},"loc":{"start":{"line":82,"column":10},"end":{"line":84,"column":29}},"line":82},"6":{"name":"(anonymous_6)","decl":{"start":{"line":82,"column":37},"end":{"line":82,"column":38}},"loc":{"start":{"line":82,"column":43},"end":{"line":82,"column":62}},"line":82},"7":{"name":"(anonymous_7)","decl":{"start":{"line":86,"column":22},"end":{"line":86,"column":23}},"loc":{"start":{"line":86,"column":32},"end":{"line":86,"column":40}},"line":86},"8":{"name":"(anonymous_8)","decl":{"start":{"line":93,"column":22},"end":{"line":93,"column":23}},"loc":{"start":{"line":93,"column":36},"end":{"line":93,"column":54}},"line":93},"9":{"name":"(anonymous_9)","decl":{"start":{"line":101,"column":22},"end":{"line":101,"column":23}},"loc":{"start":{"line":101,"column":38},"end":{"line":101,"column":64}},"line":101}},"branchMap":{"0":{"loc":{"start":{"line":21,"column":21},"end":{"line":21,"column":51}},"type":"cond-expr","locations":[{"start":{"line":21,"column":30},"end":{"line":21,"column":47}},{"start":{"line":21,"column":50},"end":{"line":21,"column":51}}],"line":21},"1":{"loc":{"start":{"line":73,"column":19},"end":{"line":73,"column":52}},"type":"binary-expr","locations":[{"start":{"line":73,"column":19},"end":{"line":73,"column":25}},{"start":{"line":73,"column":29},"end":{"line":73,"column":41}},{"start":{"line":73,"column":45},"end":{"line":73,"column":52}}],"line":73},"2":{"loc":{"start":{"line":103,"column":7},"end":{"line":103,"column":65}},"type":"binary-expr","locations":[{"start":{"line":103,"column":7},"end":{"line":103,"column":16}},{"start":{"line":103,"column":20},"end":{"line":103,"column":65}}],"line":103},"3":{"loc":{"start":{"line":106,"column":15},"end":{"line":106,"column":60}},"type":"cond-expr","locations":[{"start":{"line":106,"column":26},"end":{"line":106,"column":41}},{"start":{"line":106,"column":44},"end":{"line":106,"column":60}}],"line":106}},"s":{"0":1,"1":0,"2":0,"3":0,"4":0,"5":0,"6":0,"7":0,"8":0,"9":0,"10":0,"11":0,"12":0,"13":0,"14":0,"15":0,"16":0,"17":0,"18":0,"19":0,"20":0,"21":0,"22":0,"23":0,"24":0,"25":0,"26":0,"27":0,"28":0,"29":0,"30":0,"31":0,"32":0,"33":0,"34":0,"35":0,"36":0,"37":1},"f":{"0":0,"1":0,"2":0,"3":0,"4":0,"5":0,"6":0,"7":0,"8":0,"9":0},"b":{"0":[0,0],"1":[0,0,0],"2":[0,0],"3":[0,0]},"_coverageSchema":"1a1c01bbd47fc00a2c39e90264f33305004495a9","hash":"983302e249afe07a75cd5918b609e64a5f70ad22"}
,"/Users/harryborrelli/turing/4module/projects/WilderNests_FE/src/Landing/Landing.js": {"path":"/Users/harryborrelli/turing/4module/projects/WilderNests_FE/src/Landing/Landing.js","statementMap":{"0":{"start":{"line":14,"column":23},"end":{"line":67,"column":1}},"1":{"start":{"line":16,"column":22},"end":{"line":20,"column":4}},"2":{"start":{"line":22,"column":25},"end":{"line":24,"column":3}},"3":{"start":{"line":23,"column":4},"end":{"line":23,"column":39}},"4":{"start":{"line":26,"column":25},"end":{"line":28,"column":3}},"5":{"start":{"line":27,"column":4},"end":{"line":27,"column":32}},"6":{"start":{"line":30,"column":2},"end":{"line":66,"column":3}},"7":{"start":{"line":31,"column":4},"end":{"line":31,"column":26}},"8":{"start":{"line":33,"column":4},"end":{"line":65,"column":6}},"9":{"start":{"line":50,"column":29},"end":{"line":50,"column":45}},"10":{"start":{"line":56,"column":29},"end":{"line":56,"column":45}},"11":{"start":{"line":69,"column":15},"end":{"line":117,"column":2}}},"fnMap":{"0":{"name":"(anonymous_0)","decl":{"start":{"line":14,"column":23},"end":{"line":14,"column":24}},"loc":{"start":{"line":14,"column":43},"end":{"line":67,"column":1}},"line":14},"1":{"name":"(anonymous_1)","decl":{"start":{"line":22,"column":25},"end":{"line":22,"column":26}},"loc":{"start":{"line":22,"column":31},"end":{"line":24,"column":3}},"line":22},"2":{"name":"(anonymous_2)","decl":{"start":{"line":26,"column":25},"end":{"line":26,"column":26}},"loc":{"start":{"line":26,"column":31},"end":{"line":28,"column":3}},"line":26},"3":{"name":"(anonymous_3)","decl":{"start":{"line":50,"column":23},"end":{"line":50,"column":24}},"loc":{"start":{"line":50,"column":29},"end":{"line":50,"column":45}},"line":50},"4":{"name":"(anonymous_4)","decl":{"start":{"line":56,"column":23},"end":{"line":56,"column":24}},"loc":{"start":{"line":56,"column":29},"end":{"line":56,"column":45}},"line":56}},"branchMap":{"0":{"loc":{"start":{"line":30,"column":2},"end":{"line":66,"column":3}},"type":"if","locations":[{"start":{"line":30,"column":2},"end":{"line":66,"column":3}},{"start":{"line":30,"column":2},"end":{"line":66,"column":3}}],"line":30}},"s":{"0":2,"1":6,"2":6,"3":0,"4":6,"5":0,"6":6,"7":3,"8":3,"9":0,"10":0,"11":2},"f":{"0":6,"1":0,"2":0,"3":0,"4":0},"b":{"0":[3,3]},"_coverageSchema":"1a1c01bbd47fc00a2c39e90264f33305004495a9","hash":"56550cf46d5909e1e749bea845b9e8b4044db8b9"}
,"/Users/harryborrelli/turing/4module/projects/WilderNests_FE/src/ListCard/ListCard.js": {"path":"/Users/harryborrelli/turing/4module/projects/WilderNests_FE/src/ListCard/ListCard.js","statementMap":{"0":{"start":{"line":6,"column":24},"end":{"line":32,"column":1}},"1":{"start":{"line":7,"column":43},"end":{"line":7,"column":47}},"2":{"start":{"line":8,"column":19},"end":{"line":8,"column":74}},"3":{"start":{"line":9,"column":21},"end":{"line":9,"column":36}},"4":{"start":{"line":11,"column":26},"end":{"line":13,"column":3}},"5":{"start":{"line":12,"column":4},"end":{"line":12,"column":48}},"6":{"start":{"line":15,"column":2},"end":{"line":31,"column":4}},"7":{"start":{"line":34,"column":15},"end":{"line":61,"column":2}}},"fnMap":{"0":{"name":"(anonymous_0)","decl":{"start":{"line":6,"column":24},"end":{"line":6,"column":25}},"loc":{"start":{"line":6,"column":38},"end":{"line":32,"column":1}},"line":6},"1":{"name":"(anonymous_1)","decl":{"start":{"line":11,"column":26},"end":{"line":11,"column":27}},"loc":{"start":{"line":11,"column":32},"end":{"line":13,"column":3}},"line":11}},"branchMap":{"0":{"loc":{"start":{"line":8,"column":19},"end":{"line":8,"column":74}},"type":"cond-expr","locations":[{"start":{"line":8,"column":31},"end":{"line":8,"column":40}},{"start":{"line":8,"column":43},"end":{"line":8,"column":74}}],"line":8}},"s":{"0":4,"1":5,"2":5,"3":5,"4":5,"5":0,"6":5,"7":4},"f":{"0":5,"1":0},"b":{"0":[0,5]},"_coverageSchema":"1a1c01bbd47fc00a2c39e90264f33305004495a9","hash":"5001d4171f20c281a59a3458749f113242c2e893"}
,"/Users/harryborrelli/turing/4module/projects/WilderNests_FE/src/ListView/ListView.js": {"path":"/Users/harryborrelli/turing/4module/projects/WilderNests_FE/src/ListView/ListView.js","statementMap":{"0":{"start":{"line":10,"column":24},"end":{"line":20,"column":1}},"1":{"start":{"line":11,"column":2},"end":{"line":19,"column":4}},"2":{"start":{"line":15,"column":34},"end":{"line":15,"column":58}},"3":{"start":{"line":16,"column":30},"end":{"line":16,"column":37}},"4":{"start":{"line":22,"column":15},"end":{"line":26,"column":2}}},"fnMap":{"0":{"name":"(anonymous_0)","decl":{"start":{"line":10,"column":24},"end":{"line":10,"column":25}},"loc":{"start":{"line":10,"column":38},"end":{"line":20,"column":1}},"line":10},"1":{"name":"(anonymous_1)","decl":{"start":{"line":15,"column":20},"end":{"line":15,"column":21}},"loc":{"start":{"line":15,"column":34},"end":{"line":15,"column":58}},"line":15},"2":{"name":"(anonymous_2)","decl":{"start":{"line":16,"column":22},"end":{"line":16,"column":23}},"loc":{"start":{"line":16,"column":30},"end":{"line":16,"column":37}},"line":16}},"branchMap":{},"s":{"0":3,"1":2,"2":4,"3":4,"4":3},"f":{"0":2,"1":4,"2":4},"b":{},"_coverageSchema":"1a1c01bbd47fc00a2c39e90264f33305004495a9","hash":"1222a957df8bee09d0d0eb842d313ef0bb534e31"}
,"/Users/harryborrelli/turing/4module/projects/WilderNests_FE/src/MapList/MapList.js": {"path":"/Users/harryborrelli/turing/4module/projects/WilderNests_FE/src/MapList/MapList.js","statementMap":{"0":{"start":{"line":7,"column":23},"end":{"line":55,"column":1}},"1":{"start":{"line":8,"column":50},"end":{"line":8,"column":64}},"2":{"start":{"line":10,"column":28},"end":{"line":16,"column":3}},"3":{"start":{"line":11,"column":36},"end":{"line":11,"column":60}},"4":{"start":{"line":12,"column":20},"end":{"line":14,"column":5}},"5":{"start":{"line":13,"column":16},"end":{"line":13,"column":63}},"6":{"start":{"line":15,"column":4},"end":{"line":15,"column":35}},"7":{"start":{"line":18,"column":18},"end":{"line":29,"column":4}},"8":{"start":{"line":19,"column":23},"end":{"line":19,"column":31}},"9":{"start":{"line":21,"column":4},"end":{"line":28,"column":6}},"10":{"start":{"line":26,"column":25},"end":{"line":26,"column":45}},"11":{"start":{"line":31,"column":2},"end":{"line":54,"column":4}},"12":{"start":{"line":34,"column":32},"end":{"line":34,"column":57}},"13":{"start":{"line":57,"column":15},"end":{"line":70,"column":2}}},"fnMap":{"0":{"name":"(anonymous_0)","decl":{"start":{"line":7,"column":23},"end":{"line":7,"column":24}},"loc":{"start":{"line":7,"column":37},"end":{"line":55,"column":1}},"line":7},"1":{"name":"(anonymous_1)","decl":{"start":{"line":10,"column":28},"end":{"line":10,"column":29}},"loc":{"start":{"line":10,"column":35},"end":{"line":16,"column":3}},"line":10},"2":{"name":"(anonymous_2)","decl":{"start":{"line":13,"column":6},"end":{"line":13,"column":7}},"loc":{"start":{"line":13,"column":16},"end":{"line":13,"column":63}},"line":13},"3":{"name":"(anonymous_3)","decl":{"start":{"line":18,"column":27},"end":{"line":18,"column":28}},"loc":{"start":{"line":18,"column":41},"end":{"line":29,"column":3}},"line":18},"4":{"name":"(anonymous_4)","decl":{"start":{"line":26,"column":18},"end":{"line":26,"column":19}},"loc":{"start":{"line":26,"column":25},"end":{"line":26,"column":45}},"line":26},"5":{"name":"(anonymous_5)","decl":{"start":{"line":34,"column":26},"end":{"line":34,"column":27}},"loc":{"start":{"line":34,"column":32},"end":{"line":34,"column":57}},"line":34}},"branchMap":{"0":{"loc":{"start":{"line":13,"column":16},"end":{"line":13,"column":63}},"type":"binary-expr","locations":[{"start":{"line":13,"column":16},"end":{"line":13,"column":37}},{"start":{"line":13,"column":41},"end":{"line":13,"column":63}}],"line":13},"1":{"loc":{"start":{"line":48,"column":7},"end":{"line":52,"column":7}},"type":"binary-expr","locations":[{"start":{"line":48,"column":7},"end":{"line":48,"column":23}},{"start":{"line":49,"column":8},"end":{"line":51,"column":10}}],"line":48}},"s":{"0":3,"1":1,"2":1,"3":0,"4":0,"5":0,"6":0,"7":1,"8":4,"9":4,"10":0,"11":1,"12":0,"13":3},"f":{"0":1,"1":0,"2":0,"3":4,"4":0,"5":0},"b":{"0":[0,0],"1":[1,0]},"_coverageSchema":"1a1c01bbd47fc00a2c39e90264f33305004495a9","hash":"d0edc3249936a637f745bcc66de2e183126c18fc"}
,"/Users/harryborrelli/turing/4module/projects/WilderNests_FE/src/PostForm/PostForm.js": {"path":"/Users/harryborrelli/turing/4module/projects/WilderNests_FE/src/PostForm/PostForm.js","statementMap":{"0":{"start":{"line":14,"column":19},"end":{"line":14,"column":62}},"1":{"start":{"line":15,"column":18},"end":{"line":15,"column":57}},"2":{"start":{"line":17,"column":24},"end":{"line":252,"column":1}},"3":{"start":{"line":18,"column":36},"end":{"line":18,"column":48}},"4":{"start":{"line":19,"column":26},"end":{"line":19,"column":38}},"5":{"start":{"line":20,"column":26},"end":{"line":20,"column":38}},"6":{"start":{"line":21,"column":28},"end":{"line":21,"column":40}},"7":{"start":{"line":22,"column":24},"end":{"line":22,"column":36}},"8":{"start":{"line":23,"column":24},"end":{"line":23,"column":36}},"9":{"start":{"line":24,"column":40},"end":{"line":24,"column":52}},"10":{"start":{"line":25,"column":41},"end":{"line":25,"column":53}},"11":{"start":{"line":26,"column":33},"end":{"line":26,"column":45}},"12":{"start":{"line":27,"column":32},"end":{"line":27,"column":44}},"13":{"start":{"line":29,"column":26},"end":{"line":36,"column":3}},"14":{"start":{"line":30,"column":4},"end":{"line":35,"column":5}},"15":{"start":{"line":31,"column":32},"end":{"line":31,"column":72}},"16":{"start":{"line":31,"column":57},"end":{"line":31,"column":71}},"17":{"start":{"line":32,"column":6},"end":{"line":32,"column":38}},"18":{"start":{"line":34,"column":6},"end":{"line":34,"column":44}},"19":{"start":{"line":38,"column":28},"end":{"line":40,"column":3}},"20":{"start":{"line":39,"column":4},"end":{"line":39,"column":16}},"21":{"start":{"line":42,"column":23},"end":{"line":67,"column":3}},"22":{"start":{"line":43,"column":23},"end":{"line":43,"column":51}},"23":{"start":{"line":44,"column":23},"end":{"line":44,"column":53}},"24":{"start":{"line":45,"column":4},"end":{"line":66,"column":5}},"25":{"start":{"line":46,"column":6},"end":{"line":46,"column":17}},"26":{"start":{"line":47,"column":6},"end":{"line":47,"column":23}},"27":{"start":{"line":48,"column":6},"end":{"line":48,"column":18}},"28":{"start":{"line":49,"column":6},"end":{"line":49,"column":18}},"29":{"start":{"line":50,"column":6},"end":{"line":50,"column":19}},"30":{"start":{"line":51,"column":6},"end":{"line":51,"column":17}},"31":{"start":{"line":52,"column":6},"end":{"line":52,"column":17}},"32":{"start":{"line":53,"column":6},"end":{"line":53,"column":25}},"33":{"start":{"line":54,"column":6},"end":{"line":54,"column":25}},"34":{"start":{"line":55,"column":6},"end":{"line":55,"column":20}},"35":{"start":{"line":56,"column":6},"end":{"line":56,"column":48}},"36":{"start":{"line":57,"column":6},"end":{"line":57,"column":17}},"37":{"start":{"line":58,"column":6},"end":{"line":60,"column":15}},"38":{"start":{"line":59,"column":8},"end":{"line":59,"column":23}},"39":{"start":{"line":62,"column":6},"end":{"line":62,"column":80}},"40":{"start":{"line":63,"column":6},"end":{"line":65,"column":15}},"41":{"start":{"line":64,"column":8},"end":{"line":64,"column":23}},"42":{"start":{"line":69,"column":19},"end":{"line":97,"column":3}},"43":{"start":{"line":70,"column":24},"end":{"line":80,"column":5}},"44":{"start":{"line":81,"column":4},"end":{"line":81,"column":29}},"45":{"start":{"line":82,"column":4},"end":{"line":96,"column":5}},"46":{"start":{"line":83,"column":23},"end":{"line":92,"column":7}},"47":{"start":{"line":93,"column":6},"end":{"line":93,"column":35}},"48":{"start":{"line":95,"column":6},"end":{"line":95,"column":35}},"49":{"start":{"line":99,"column":2},"end":{"line":251,"column":4}},"50":{"start":{"line":107,"column":33},"end":{"line":107,"column":66}},"51":{"start":{"line":114,"column":33},"end":{"line":114,"column":66}},"52":{"start":{"line":121,"column":33},"end":{"line":121,"column":67}},"53":{"start":{"line":129,"column":33},"end":{"line":129,"column":77}},"54":{"start":{"line":137,"column":33},"end":{"line":137,"column":77}},"55":{"start":{"line":146,"column":33},"end":{"line":146,"column":73}},"56":{"start":{"line":155,"column":33},"end":{"line":155,"column":73}},"57":{"start":{"line":162,"column":33},"end":{"line":162,"column":68}},"58":{"start":{"line":168,"column":25},"end":{"line":168,"column":48}},"59":{"start":{"line":179,"column":25},"end":{"line":179,"column":48}},"60":{"start":{"line":190,"column":25},"end":{"line":190,"column":48}},"61":{"start":{"line":201,"column":25},"end":{"line":201,"column":48}},"62":{"start":{"line":212,"column":25},"end":{"line":212,"column":47}},"63":{"start":{"line":223,"column":25},"end":{"line":223,"column":49}},"64":{"start":{"line":234,"column":25},"end":{"line":234,"column":48}},"65":{"start":{"line":254,"column":15},"end":{"line":299,"column":2}}},"fnMap":{"0":{"name":"(anonymous_0)","decl":{"start":{"line":17,"column":24},"end":{"line":17,"column":25}},"loc":{"start":{"line":17,"column":42},"end":{"line":252,"column":1}},"line":17},"1":{"name":"(anonymous_1)","decl":{"start":{"line":29,"column":26},"end":{"line":29,"column":27}},"loc":{"start":{"line":29,"column":39},"end":{"line":36,"column":3}},"line":29},"2":{"name":"(anonymous_2)","decl":{"start":{"line":31,"column":49},"end":{"line":31,"column":50}},"loc":{"start":{"line":31,"column":57},"end":{"line":31,"column":71}},"line":31},"3":{"name":"(anonymous_3)","decl":{"start":{"line":38,"column":28},"end":{"line":38,"column":29}},"loc":{"start":{"line":38,"column":45},"end":{"line":40,"column":3}},"line":38},"4":{"name":"(anonymous_4)","decl":{"start":{"line":42,"column":23},"end":{"line":42,"column":24}},"loc":{"start":{"line":42,"column":29},"end":{"line":67,"column":3}},"line":42},"5":{"name":"(anonymous_5)","decl":{"start":{"line":58,"column":17},"end":{"line":58,"column":18}},"loc":{"start":{"line":58,"column":23},"end":{"line":60,"column":7}},"line":58},"6":{"name":"(anonymous_6)","decl":{"start":{"line":63,"column":17},"end":{"line":63,"column":18}},"loc":{"start":{"line":63,"column":23},"end":{"line":65,"column":7}},"line":63},"7":{"name":"(anonymous_7)","decl":{"start":{"line":69,"column":19},"end":{"line":69,"column":20}},"loc":{"start":{"line":69,"column":31},"end":{"line":97,"column":3}},"line":69},"8":{"name":"(anonymous_8)","decl":{"start":{"line":107,"column":22},"end":{"line":107,"column":23}},"loc":{"start":{"line":107,"column":33},"end":{"line":107,"column":66}},"line":107},"9":{"name":"(anonymous_9)","decl":{"start":{"line":114,"column":22},"end":{"line":114,"column":23}},"loc":{"start":{"line":114,"column":33},"end":{"line":114,"column":66}},"line":114},"10":{"name":"(anonymous_10)","decl":{"start":{"line":121,"column":22},"end":{"line":121,"column":23}},"loc":{"start":{"line":121,"column":33},"end":{"line":121,"column":67}},"line":121},"11":{"name":"(anonymous_11)","decl":{"start":{"line":129,"column":22},"end":{"line":129,"column":23}},"loc":{"start":{"line":129,"column":33},"end":{"line":129,"column":77}},"line":129},"12":{"name":"(anonymous_12)","decl":{"start":{"line":137,"column":22},"end":{"line":137,"column":23}},"loc":{"start":{"line":137,"column":33},"end":{"line":137,"column":77}},"line":137},"13":{"name":"(anonymous_13)","decl":{"start":{"line":146,"column":22},"end":{"line":146,"column":23}},"loc":{"start":{"line":146,"column":33},"end":{"line":146,"column":73}},"line":146},"14":{"name":"(anonymous_14)","decl":{"start":{"line":155,"column":22},"end":{"line":155,"column":23}},"loc":{"start":{"line":155,"column":33},"end":{"line":155,"column":73}},"line":155},"15":{"name":"(anonymous_15)","decl":{"start":{"line":162,"column":22},"end":{"line":162,"column":23}},"loc":{"start":{"line":162,"column":33},"end":{"line":162,"column":68}},"line":162},"16":{"name":"(anonymous_16)","decl":{"start":{"line":168,"column":19},"end":{"line":168,"column":20}},"loc":{"start":{"line":168,"column":25},"end":{"line":168,"column":48}},"line":168},"17":{"name":"(anonymous_17)","decl":{"start":{"line":179,"column":19},"end":{"line":179,"column":20}},"loc":{"start":{"line":179,"column":25},"end":{"line":179,"column":48}},"line":179},"18":{"name":"(anonymous_18)","decl":{"start":{"line":190,"column":19},"end":{"line":190,"column":20}},"loc":{"start":{"line":190,"column":25},"end":{"line":190,"column":48}},"line":190},"19":{"name":"(anonymous_19)","decl":{"start":{"line":201,"column":19},"end":{"line":201,"column":20}},"loc":{"start":{"line":201,"column":25},"end":{"line":201,"column":48}},"line":201},"20":{"name":"(anonymous_20)","decl":{"start":{"line":212,"column":19},"end":{"line":212,"column":20}},"loc":{"start":{"line":212,"column":25},"end":{"line":212,"column":47}},"line":212},"21":{"name":"(anonymous_21)","decl":{"start":{"line":223,"column":19},"end":{"line":223,"column":20}},"loc":{"start":{"line":223,"column":25},"end":{"line":223,"column":49}},"line":223},"22":{"name":"(anonymous_22)","decl":{"start":{"line":234,"column":19},"end":{"line":234,"column":20}},"loc":{"start":{"line":234,"column":25},"end":{"line":234,"column":48}},"line":234}},"branchMap":{"0":{"loc":{"start":{"line":30,"column":4},"end":{"line":35,"column":5}},"type":"if","locations":[{"start":{"line":30,"column":4},"end":{"line":35,"column":5}},{"start":{"line":30,"column":4},"end":{"line":35,"column":5}}],"line":30},"1":{"loc":{"start":{"line":43,"column":23},"end":{"line":43,"column":51}},"type":"binary-expr","locations":[{"start":{"line":43,"column":23},"end":{"line":43,"column":26}},{"start":{"line":43,"column":30},"end":{"line":43,"column":39}},{"start":{"line":43,"column":43},"end":{"line":43,"column":51}}],"line":43},"2":{"loc":{"start":{"line":44,"column":23},"end":{"line":44,"column":53}},"type":"binary-expr","locations":[{"start":{"line":44,"column":23},"end":{"line":44,"column":26}},{"start":{"line":44,"column":30},"end":{"line":44,"column":40}},{"start":{"line":44,"column":44},"end":{"line":44,"column":53}}],"line":44},"3":{"loc":{"start":{"line":45,"column":4},"end":{"line":66,"column":5}},"type":"if","locations":[{"start":{"line":45,"column":4},"end":{"line":66,"column":5}},{"start":{"line":45,"column":4},"end":{"line":66,"column":5}}],"line":45},"4":{"loc":{"start":{"line":45,"column":8},"end":{"line":45,"column":40}},"type":"binary-expr","locations":[{"start":{"line":45,"column":8},"end":{"line":45,"column":18}},{"start":{"line":45,"column":22},"end":{"line":45,"column":32}},{"start":{"line":45,"column":36},"end":{"line":45,"column":40}}],"line":45},"5":{"loc":{"start":{"line":173,"column":20},"end":{"line":173,"column":71}},"type":"cond-expr","locations":[{"start":{"line":173,"column":49},"end":{"line":173,"column":58}},{"start":{"line":173,"column":61},"end":{"line":173,"column":71}}],"line":173},"6":{"loc":{"start":{"line":184,"column":20},"end":{"line":184,"column":71}},"type":"cond-expr","locations":[{"start":{"line":184,"column":49},"end":{"line":184,"column":58}},{"start":{"line":184,"column":61},"end":{"line":184,"column":71}}],"line":184},"7":{"loc":{"start":{"line":195,"column":20},"end":{"line":195,"column":71}},"type":"cond-expr","locations":[{"start":{"line":195,"column":49},"end":{"line":195,"column":58}},{"start":{"line":195,"column":61},"end":{"line":195,"column":71}}],"line":195},"8":{"loc":{"start":{"line":206,"column":20},"end":{"line":206,"column":71}},"type":"cond-expr","locations":[{"start":{"line":206,"column":49},"end":{"line":206,"column":58}},{"start":{"line":206,"column":61},"end":{"line":206,"column":71}}],"line":206},"9":{"loc":{"start":{"line":217,"column":20},"end":{"line":217,"column":70}},"type":"cond-expr","locations":[{"start":{"line":217,"column":48},"end":{"line":217,"column":57}},{"start":{"line":217,"column":60},"end":{"line":217,"column":70}}],"line":217},"10":{"loc":{"start":{"line":228,"column":20},"end":{"line":228,"column":72}},"type":"cond-expr","locations":[{"start":{"line":228,"column":50},"end":{"line":228,"column":59}},{"start":{"line":228,"column":62},"end":{"line":228,"column":72}}],"line":228},"11":{"loc":{"start":{"line":239,"column":20},"end":{"line":239,"column":71}},"type":"cond-expr","locations":[{"start":{"line":239,"column":49},"end":{"line":239,"column":58}},{"start":{"line":239,"column":61},"end":{"line":239,"column":71}}],"line":239},"12":{"loc":{"start":{"line":244,"column":7},"end":{"line":244,"column":65}},"type":"binary-expr","locations":[{"start":{"line":244,"column":7},"end":{"line":244,"column":16}},{"start":{"line":244,"column":20},"end":{"line":244,"column":65}}],"line":244}},"s":{"0":2,"1":2,"2":2,"3":2,"4":2,"5":2,"6":2,"7":2,"8":2,"9":2,"10":2,"11":2,"12":2,"13":2,"14":0,"15":0,"16":0,"17":0,"18":0,"19":2,"20":0,"21":2,"22":0,"23":0,"24":0,"25":0,"26":0,"27":0,"28":0,"29":0,"30":0,"31":0,"32":0,"33":0,"34":0,"35":0,"36":0,"37":0,"38":0,"39":0,"40":0,"41":0,"42":2,"43":0,"44":0,"45":0,"46":0,"47":0,"48":0,"49":2,"50":0,"51":0,"52":0,"53":0,"54":0,"55":0,"56":0,"57":0,"58":0,"59":0,"60":0,"61":0,"62":0,"63":0,"64":0,"65":2},"f":{"0":2,"1":0,"2":0,"3":0,"4":0,"5":0,"6":0,"7":0,"8":0,"9":0,"10":0,"11":0,"12":0,"13":0,"14":0,"15":0,"16":0,"17":0,"18":0,"19":0,"20":0,"21":0,"22":0},"b":{"0":[0,0],"1":[0,0,0],"2":[0,0,0],"3":[0,0],"4":[0,0,0],"5":[0,2],"6":[0,2],"7":[0,2],"8":[0,2],"9":[0,2],"10":[0,2],"11":[0,2],"12":[2,0]},"_coverageSchema":"1a1c01bbd47fc00a2c39e90264f33305004495a9","hash":"8ed3f8398dd20980a0c42a5e8652dfd1d46501bb"}
,"/Users/harryborrelli/turing/4module/projects/WilderNests_FE/src/QuickView/QuickView.js": {"path":"/Users/harryborrelli/turing/4module/projects/WilderNests_FE/src/QuickView/QuickView.js","statementMap":{"0":{"start":{"line":12,"column":25},"end":{"line":36,"column":1}},"1":{"start":{"line":13,"column":45},"end":{"line":13,"column":53}},"2":{"start":{"line":14,"column":21},"end":{"line":14,"column":36}},"3":{"start":{"line":16,"column":28},"end":{"line":18,"column":3}},"4":{"start":{"line":17,"column":4},"end":{"line":17,"column":52}},"5":{"start":{"line":20,"column":29},"end":{"line":20,"column":77}},"6":{"start":{"line":21,"column":20},"end":{"line":21,"column":37}},"7":{"start":{"line":23,"column":4},"end":{"line":25,"column":11}},"8":{"start":{"line":28,"column":2},"end":{"line":35,"column":4}},"9":{"start":{"line":38,"column":15},"end":{"line":78,"column":2}}},"fnMap":{"0":{"name":"(anonymous_0)","decl":{"start":{"line":12,"column":25},"end":{"line":12,"column":26}},"loc":{"start":{"line":12,"column":43},"end":{"line":36,"column":1}},"line":12},"1":{"name":"(anonymous_1)","decl":{"start":{"line":16,"column":28},"end":{"line":16,"column":29}},"loc":{"start":{"line":16,"column":34},"end":{"line":18,"column":3}},"line":16}},"branchMap":{"0":{"loc":{"start":{"line":20,"column":29},"end":{"line":20,"column":77}},"type":"binary-expr","locations":[{"start":{"line":20,"column":29},"end":{"line":20,"column":40}},{"start":{"line":20,"column":44},"end":{"line":20,"column":77}}],"line":20},"1":{"loc":{"start":{"line":21,"column":20},"end":{"line":21,"column":37}},"type":"binary-expr","locations":[{"start":{"line":21,"column":20},"end":{"line":21,"column":26}},{"start":{"line":21,"column":30},"end":{"line":21,"column":37}}],"line":21},"2":{"loc":{"start":{"line":31,"column":7},"end":{"line":31,"column":28}},"type":"binary-expr","locations":[{"start":{"line":31,"column":7},"end":{"line":31,"column":16}},{"start":{"line":31,"column":20},"end":{"line":31,"column":28}}],"line":31}},"s":{"0":3,"1":0,"2":0,"3":0,"4":0,"5":0,"6":0,"7":0,"8":0,"9":3},"f":{"0":0,"1":0},"b":{"0":[0,0],"1":[0,0],"2":[0,0]},"_coverageSchema":"1a1c01bbd47fc00a2c39e90264f33305004495a9","hash":"7299484bedfb36281be2125956df47e9afa43d73"}
,"/Users/harryborrelli/turing/4module/projects/WilderNests_FE/src/SiteDetails/SiteDetails.js": {"path":"/Users/harryborrelli/turing/4module/projects/WilderNests_FE/src/SiteDetails/SiteDetails.js","statementMap":{"0":{"start":{"line":16,"column":27},"end":{"line":124,"column":1}},"1":{"start":{"line":17,"column":21},"end":{"line":17,"column":36}},"2":{"start":{"line":31,"column":6},"end":{"line":31,"column":18}},"3":{"start":{"line":32,"column":16},"end":{"line":32,"column":71}},"4":{"start":{"line":34,"column":34},"end":{"line":34,"column":46}},"5":{"start":{"line":36,"column":2},"end":{"line":38,"column":9}},"6":{"start":{"line":37,"column":4},"end":{"line":37,"column":24}},"7":{"start":{"line":40,"column":28},"end":{"line":45,"column":3}},"8":{"start":{"line":41,"column":21},"end":{"line":41,"column":101}},"9":{"start":{"line":42,"column":21},"end":{"line":42,"column":42}},"10":{"start":{"line":43,"column":4},"end":{"line":43,"column":38}},"11":{"start":{"line":44,"column":4},"end":{"line":44,"column":25}},"12":{"start":{"line":47,"column":24},"end":{"line":49,"column":3}},"13":{"start":{"line":48,"column":4},"end":{"line":48,"column":30}},"14":{"start":{"line":51,"column":28},"end":{"line":60,"column":3}},"15":{"start":{"line":52,"column":21},"end":{"line":52,"column":51}},"16":{"start":{"line":53,"column":24},"end":{"line":55,"column":5}},"17":{"start":{"line":56,"column":23},"end":{"line":58,"column":5}},"18":{"start":{"line":59,"column":4},"end":{"line":59,"column":42}},"19":{"start":{"line":62,"column":16},"end":{"line":62,"column":41}},"20":{"start":{"line":64,"column":23},"end":{"line":67,"column":3}},"21":{"start":{"line":65,"column":22},"end":{"line":65,"column":31}},"22":{"start":{"line":66,"column":4},"end":{"line":66,"column":65}},"23":{"start":{"line":69,"column":2},"end":{"line":123,"column":4}},"24":{"start":{"line":80,"column":12},"end":{"line":82,"column":31}},"25":{"start":{"line":80,"column":45},"end":{"line":80,"column":64}},"26":{"start":{"line":84,"column":34},"end":{"line":84,"column":42}},"27":{"start":{"line":104,"column":23},"end":{"line":104,"column":72}},"28":{"start":{"line":116,"column":40},"end":{"line":116,"column":81}},"29":{"start":{"line":117,"column":36},"end":{"line":117,"column":43}},"30":{"start":{"line":119,"column":46},"end":{"line":119,"column":95}},"31":{"start":{"line":126,"column":15},"end":{"line":200,"column":2}}},"fnMap":{"0":{"name":"(anonymous_0)","decl":{"start":{"line":16,"column":27},"end":{"line":16,"column":28}},"loc":{"start":{"line":16,"column":42},"end":{"line":124,"column":1}},"line":16},"1":{"name":"(anonymous_1)","decl":{"start":{"line":36,"column":12},"end":{"line":36,"column":13}},"loc":{"start":{"line":36,"column":18},"end":{"line":38,"column":3}},"line":36},"2":{"name":"(anonymous_2)","decl":{"start":{"line":40,"column":28},"end":{"line":40,"column":29}},"loc":{"start":{"line":40,"column":40},"end":{"line":45,"column":3}},"line":40},"3":{"name":"(anonymous_3)","decl":{"start":{"line":47,"column":24},"end":{"line":47,"column":25}},"loc":{"start":{"line":47,"column":30},"end":{"line":49,"column":3}},"line":47},"4":{"name":"(anonymous_4)","decl":{"start":{"line":51,"column":28},"end":{"line":51,"column":29}},"loc":{"start":{"line":51,"column":40},"end":{"line":60,"column":3}},"line":51},"5":{"name":"(anonymous_5)","decl":{"start":{"line":64,"column":23},"end":{"line":64,"column":24}},"loc":{"start":{"line":64,"column":34},"end":{"line":67,"column":3}},"line":64},"6":{"name":"(anonymous_6)","decl":{"start":{"line":79,"column":22},"end":{"line":79,"column":23}},"loc":{"start":{"line":80,"column":12},"end":{"line":82,"column":31}},"line":80},"7":{"name":"(anonymous_7)","decl":{"start":{"line":80,"column":39},"end":{"line":80,"column":40}},"loc":{"start":{"line":80,"column":45},"end":{"line":80,"column":64}},"line":80},"8":{"name":"(anonymous_8)","decl":{"start":{"line":84,"column":24},"end":{"line":84,"column":25}},"loc":{"start":{"line":84,"column":34},"end":{"line":84,"column":42}},"line":84},"9":{"name":"(anonymous_9)","decl":{"start":{"line":104,"column":17},"end":{"line":104,"column":18}},"loc":{"start":{"line":104,"column":23},"end":{"line":104,"column":72}},"line":104},"10":{"name":"(anonymous_10)","decl":{"start":{"line":116,"column":26},"end":{"line":116,"column":27}},"loc":{"start":{"line":116,"column":40},"end":{"line":116,"column":81}},"line":116},"11":{"name":"(anonymous_11)","decl":{"start":{"line":117,"column":28},"end":{"line":117,"column":29}},"loc":{"start":{"line":117,"column":36},"end":{"line":117,"column":43}},"line":117},"12":{"name":"(anonymous_12)","decl":{"start":{"line":119,"column":40},"end":{"line":119,"column":41}},"loc":{"start":{"line":119,"column":46},"end":{"line":119,"column":95}},"line":119}},"branchMap":{"0":{"loc":{"start":{"line":32,"column":16},"end":{"line":32,"column":71}},"type":"cond-expr","locations":[{"start":{"line":32,"column":28},"end":{"line":32,"column":37}},{"start":{"line":32,"column":40},"end":{"line":32,"column":71}}],"line":32},"1":{"loc":{"start":{"line":52,"column":21},"end":{"line":52,"column":51}},"type":"cond-expr","locations":[{"start":{"line":52,"column":30},"end":{"line":52,"column":47}},{"start":{"line":52,"column":50},"end":{"line":52,"column":51}}],"line":52},"2":{"loc":{"start":{"line":113,"column":9},"end":{"line":119,"column":195}},"type":"cond-expr","locations":[{"start":{"line":114,"column":13},"end":{"line":118,"column":14}},{"start":{"line":119,"column":13},"end":{"line":119,"column":194}}],"line":113}},"s":{"0":1,"1":0,"2":0,"3":0,"4":0,"5":0,"6":0,"7":0,"8":0,"9":0,"10":0,"11":0,"12":0,"13":0,"14":0,"15":0,"16":0,"17":0,"18":0,"19":0,"20":0,"21":0,"22":0,"23":0,"24":0,"25":0,"26":0,"27":0,"28":0,"29":0,"30":0,"31":1},"f":{"0":0,"1":0,"2":0,"3":0,"4":0,"5":0,"6":0,"7":0,"8":0,"9":0,"10":0,"11":0,"12":0},"b":{"0":[0,0],"1":[0,0],"2":[0,0]},"_coverageSchema":"1a1c01bbd47fc00a2c39e90264f33305004495a9","hash":"59df05c6adae376145e011dd729edfc24a5de8f3"}
,"/Users/harryborrelli/turing/4module/projects/WilderNests_FE/src/ToggleView/ToggleView.js": {"path":"/Users/harryborrelli/turing/4module/projects/WilderNests_FE/src/ToggleView/ToggleView.js","statementMap":{"0":{"start":{"line":7,"column":26},"end":{"line":48,"column":1}},"1":{"start":{"line":8,"column":40},"end":{"line":8,"column":61}},"2":{"start":{"line":9,"column":2},"end":{"line":47,"column":4}},"3":{"start":{"line":13,"column":25},"end":{"line":13,"column":52}},"4":{"start":{"line":29,"column":25},"end":{"line":29,"column":51}},"5":{"start":{"line":50,"column":15},"end":{"line":76,"column":2}}},"fnMap":{"0":{"name":"(anonymous_0)","decl":{"start":{"line":7,"column":26},"end":{"line":7,"column":27}},"loc":{"start":{"line":7,"column":40},"end":{"line":48,"column":1}},"line":7},"1":{"name":"(anonymous_1)","decl":{"start":{"line":13,"column":19},"end":{"line":13,"column":20}},"loc":{"start":{"line":13,"column":25},"end":{"line":13,"column":52}},"line":13},"2":{"name":"(anonymous_2)","decl":{"start":{"line":29,"column":19},"end":{"line":29,"column":20}},"loc":{"start":{"line":29,"column":25},"end":{"line":29,"column":51}},"line":29}},"branchMap":{"0":{"loc":{"start":{"line":15,"column":12},"end":{"line":15,"column":77}},"type":"cond-expr","locations":[{"start":{"line":15,"column":42},"end":{"line":15,"column":57}},{"start":{"line":15,"column":60},"end":{"line":15,"column":77}}],"line":15},"1":{"loc":{"start":{"line":20,"column":14},"end":{"line":22,"column":39}},"type":"cond-expr","locations":[{"start":{"line":21,"column":18},"end":{"line":21,"column":37}},{"start":{"line":22,"column":18},"end":{"line":22,"column":39}}],"line":20},"2":{"loc":{"start":{"line":31,"column":12},"end":{"line":31,"column":76}},"type":"cond-expr","locations":[{"start":{"line":31,"column":41},"end":{"line":31,"column":56}},{"start":{"line":31,"column":59},"end":{"line":31,"column":76}}],"line":31},"3":{"loc":{"start":{"line":36,"column":14},"end":{"line":38,"column":39}},"type":"cond-expr","locations":[{"start":{"line":37,"column":18},"end":{"line":37,"column":37}},{"start":{"line":38,"column":18},"end":{"line":38,"column":39}}],"line":36},"4":{"loc":{"start":{"line":45,"column":7},"end":{"line":45,"column":85}},"type":"cond-expr","locations":[{"start":{"line":45,"column":37},"end":{"line":45,"column":60}},{"start":{"line":45,"column":63},"end":{"line":45,"column":85}}],"line":45}},"s":{"0":2,"1":1,"2":1,"3":0,"4":0,"5":2},"f":{"0":1,"1":0,"2":0},"b":{"0":[1,0],"1":[1,0],"2":[0,1],"3":[0,1],"4":[1,0]},"_coverageSchema":"1a1c01bbd47fc00a2c39e90264f33305004495a9","hash":"a3474de91fbe19137a0fed502ace4f61ab5de712"}
}
