TN:
SF:App.js
FN:17,(anonymous_0)
FN:20,(anonymous_1)
FN:38,(anonymous_2)
FN:40,(anonymous_3)
FN:40,(anonymous_4)
FNF:5
FNH:2
FNDA:1,(anonymous_0)
FNDA:1,(anonymous_1)
FNDA:0,(anonymous_2)
FNDA:0,(anonymous_3)
FNDA:0,(anonymous_4)
DA:13,1
DA:15,1
DA:17,1
DA:18,1
DA:20,1
DA:21,1
DA:24,1
DA:38,1
DA:40,1
DA:42,1
LF:10
LH:10
BRF:0
BRH:0
end_of_record
TN:
SF:sample-data.js
FNF:0
FNH:0
DA:1,8
LF:1
LH:1
BRF:0
BRH:0
end_of_record
TN:
SF:assets/constants/constants.js
FNF:0
FNH:0
DA:1,12
DA:9,12
LF:2
LH:2
BRF:0
BRH:0
end_of_record
TN:
SF:assets/fonts/MavenPro-Medium.ttf
FNF:0
FNH:0
DA:1,2
LF:1
LH:1
BRF:0
BRH:0
end_of_record
TN:
SF:assets/fonts/MavenPro-Regular.ttf
FNF:0
FNH:0
DA:1,2
LF:1
LH:1
BRF:0
BRH:0
end_of_record
TN:
SF:assets/fonts/PatuaOne-Regular.ttf
FNF:0
FNH:0
DA:1,2
LF:1
LH:1
BRF:0
BRH:0
end_of_record
TN:
SF:assets/images/atv-icon.png
FNF:0
FNH:0
DA:1,12
LF:1
LH:1
BRF:0
BRH:0
end_of_record
TN:
SF:assets/images/bike-icon.png
FNF:0
FNH:0
DA:1,12
LF:1
LH:1
BRF:0
BRH:0
end_of_record
TN:
SF:assets/images/boat-icon.png
FNF:0
FNH:0
DA:1,12
LF:1
LH:1
BRF:0
BRH:0
end_of_record
TN:
SF:assets/images/checkbox.png
FNF:0
FNH:0
DA:1,5
LF:1
LH:1
BRF:0
BRH:0
end_of_record
TN:
SF:assets/images/done.png
FNF:0
FNH:0
DA:1,5
LF:1
LH:1
BRF:0
BRH:0
end_of_record
TN:
SF:assets/images/empty-star.png
FNF:0
FNH:0
DA:1,7
LF:1
LH:1
BRF:0
BRH:0
end_of_record
TN:
SF:assets/images/filled-star.png
FNF:0
FNH:0
DA:1,7
LF:1
LH:1
BRF:0
BRH:0
end_of_record
TN:
SF:assets/images/fire-icon.png
FNF:0
FNH:0
DA:1,12
LF:1
LH:1
BRF:0
BRH:0
end_of_record
TN:
SF:assets/images/fish-icon.png
FNF:0
FNH:0
DA:1,12
LF:1
LH:1
BRF:0
BRH:0
end_of_record
TN:
SF:assets/images/hike-icon.png
FNF:0
FNH:0
DA:1,12
LF:1
LH:1
BRF:0
BRH:0
end_of_record
TN:
SF:assets/images/horse-icon.png
FNF:0
FNH:0
DA:1,12
LF:1
LH:1
BRF:0
BRH:0
end_of_record
TN:
SF:assets/images/landing-bg.png
FNF:0
FNH:0
DA:1,2
LF:1
LH:1
BRF:0
BRH:0
end_of_record
TN:
SF:assets/images/placeholder-image.png
FNF:0
FNH:0
DA:1,4
LF:1
LH:1
BRF:0
BRH:0
end_of_record
TN:
SF:assets/images/tent-icon.png
FNF:0
FNH:0
DA:1,2
LF:1
LH:1
BRF:0
BRH:0
end_of_record
TN:
SF:assets/images/tent-location-icon.png
FNF:0
FNH:0
DA:1,2
LF:1
LH:1
BRF:0
BRH:0
end_of_record
TN:
SF:src/apiCalls.js
FN:1,(anonymous_0)
FN:25,(anonymous_1)
FN:54,(anonymous_2)
FN:67,(anonymous_3)
FNF:4
FNH:2
FNDA:0,(anonymous_0)
FNDA:0,(anonymous_1)
FNDA:1,(anonymous_2)
FNDA:3,(anonymous_3)
DA:1,4
DA:2,0
DA:8,0
DA:9,0
DA:19,0
DA:21,0
DA:25,4
DA:26,0
DA:37,0
DA:38,0
DA:48,0
DA:50,0
DA:54,4
DA:55,1
DA:56,1
DA:59,0
DA:60,0
DA:62,1
DA:67,4
DA:68,3
DA:71,0
DA:72,0
DA:75,0
LF:23
LH:8
BRF:0
BRH:0
end_of_record
TN:
SF:src/CommentCard/CommentCard.js
FN:13,(anonymous_0)
FN:16,(anonymous_1)
FN:36,(anonymous_2)
FN:39,(anonymous_3)
FN:40,(anonymous_4)
FNF:5
FNH:4
FNDA:1,(anonymous_0)
FNDA:1,(anonymous_1)
FNDA:5,(anonymous_2)
FNDA:0,(anonymous_3)
FNDA:5,(anonymous_4)
DA:13,3
DA:14,1
DA:16,1
DA:17,1
DA:18,1
DA:21,1
DA:24,1
DA:27,1
DA:29,1
DA:37,5
DA:39,0
DA:40,5
DA:48,3
LF:13
LH:12
BRDA:17,0,0,1
BRDA:17,0,1,0
BRF:2
BRH:1
end_of_record
TN:
SF:src/CommentForm/CommentForm.js
FN:14,(anonymous_0)
FN:21,(anonymous_1)
FN:35,(anonymous_2)
FN:42,(anonymous_3)
FN:59,(anonymous_4)
FN:60,(anonymous_5)
FN:69,(anonymous_6)
FN:76,(anonymous_7)
FN:84,(anonymous_8)
FN:91,(anonymous_9)
FNF:10
FNH:7
FNDA:7,(anonymous_0)
FNDA:7,(anonymous_1)
FNDA:0,(anonymous_2)
FNDA:1,(anonymous_3)
FNDA:35,(anonymous_4)
FNDA:0,(anonymous_5)
FNDA:35,(anonymous_6)
FNDA:1,(anonymous_7)
FNDA:0,(anonymous_8)
FNDA:1,(anonymous_9)
DA:14,3
DA:15,7
DA:16,7
DA:17,7
DA:18,7
DA:19,7
DA:21,7
DA:22,7
DA:23,7
DA:26,7
DA:29,7
DA:32,7
DA:33,7
DA:35,7
DA:36,0
DA:37,0
DA:38,0
DA:39,0
DA:42,7
DA:43,1
DA:44,1
DA:45,1
DA:46,1
DA:47,1
DA:50,7
DA:52,7
DA:60,35
DA:69,35
DA:76,1
DA:84,0
DA:99,3
LF:31
LH:26
BRDA:22,0,0,0
BRDA:22,0,1,7
BRDA:50,1,0,7
BRDA:50,1,1,6
BRDA:50,1,2,6
BRDA:86,2,0,7
BRDA:86,2,1,1
BRDA:90,3,0,6
BRDA:90,3,1,1
BRDA:91,4,0,1
BRDA:91,4,1,6
BRF:11
BRH:10
end_of_record
TN:
SF:src/Filter/Filter.js
FN:12,(anonymous_0)
FN:16,(anonymous_1)
FN:19,(anonymous_2)
FN:29,(anonymous_3)
FN:37,(anonymous_4)
FN:61,(anonymous_5)
FN:64,(anonymous_6)
FN:74,(anonymous_7)
FNF:8
FNH:6
FNDA:13,(anonymous_0)
FNDA:2,(anonymous_1)
FNDA:0,(anonymous_2)
FNDA:0,(anonymous_3)
FNDA:4,(anonymous_4)
FNDA:6,(anonymous_5)
FNDA:2,(anonymous_6)
FNDA:6,(anonymous_7)
DA:12,4
DA:13,13
DA:14,13
DA:16,13
DA:17,2
DA:18,2
DA:19,0
DA:20,0
DA:21,0
DA:23,2
DA:24,2
DA:25,2
DA:29,13
DA:30,0
DA:31,0
DA:34,13
DA:35,13
DA:37,13
DA:38,4
DA:39,0
DA:41,4
DA:45,13
DA:62,6
DA:64,2
DA:74,6
DA:82,4
LF:26
LH:20
BRDA:18,0,0,0
BRDA:18,0,1,2
BRDA:38,1,0,0
BRDA:38,1,1,4
BRDA:49,2,0,6
BRDA:49,2,1,7
BRDA:52,3,0,13
BRDA:52,3,1,6
BRDA:67,4,0,2
BRDA:67,4,1,4
BRDA:69,5,0,2
BRDA:69,5,1,4
BRF:12
BRH:10
end_of_record
TN:
SF:src/Landing/Landing.js
FN:14,(anonymous_0)
FN:22,(anonymous_1)
FN:26,(anonymous_2)
FN:50,(anonymous_3)
FN:56,(anonymous_4)
FNF:5
FNH:1
FNDA:6,(anonymous_0)
FNDA:0,(anonymous_1)
FNDA:0,(anonymous_2)
FNDA:0,(anonymous_3)
FNDA:0,(anonymous_4)
DA:14,2
DA:16,6
DA:22,6
DA:23,0
DA:26,6
DA:27,0
DA:30,6
DA:31,3
DA:33,3
DA:50,0
DA:56,0
DA:69,2
LF:12
LH:8
BRDA:30,0,0,3
BRDA:30,0,1,3
BRF:2
BRH:2
end_of_record
TN:
SF:src/ListCard/ListCard.js
FN:13,(anonymous_0)
FN:37,(anonymous_1)
FN:48,(anonymous_2)
FN:52,(anonymous_3)
FN:70,(anonymous_4)
FN:73,(anonymous_5)
FN:74,(anonymous_6)
FN:82,(anonymous_7)
FN:85,(anonymous_8)
FN:86,(anonymous_9)
FNF:10
FNH:7
FNDA:16,(anonymous_0)
FNDA:16,(anonymous_1)
FNDA:32,(anonymous_2)
FNDA:0,(anonymous_3)
FNDA:80,(anonymous_4)
FNDA:80,(anonymous_5)
FNDA:0,(anonymous_6)
FNDA:32,(anonymous_7)
FNDA:32,(anonymous_8)
FNDA:0,(anonymous_9)
DA:13,4
DA:14,16
DA:16,16
DA:17,16
DA:18,8
DA:21,16
DA:35,16
DA:37,16
DA:38,16
DA:39,16
DA:42,16
DA:45,16
DA:48,32
DA:50,16
DA:52,16
DA:53,0
DA:56,16
DA:71,80
DA:73,80
DA:74,0
DA:83,32
DA:85,32
DA:86,0
DA:99,4
LF:24
LH:21
BRDA:17,0,0,8
BRDA:17,0,1,8
BRDA:21,1,0,0
BRDA:21,1,1,16
BRDA:77,2,0,16
BRDA:77,2,1,16
BRDA:90,3,0,16
BRDA:90,3,1,8
BRF:8
BRH:7
end_of_record
TN:
SF:src/ListView/ListView.js
FN:6,(anonymous_0)
FN:9,(anonymous_1)
FN:10,(anonymous_2)
FN:15,(anonymous_3)
FN:23,(anonymous_4)
FN:24,(anonymous_5)
FNF:6
FNH:6
FNDA:4,(anonymous_0)
FNDA:16,(anonymous_1)
FNDA:12,(anonymous_2)
FNDA:4,(anonymous_3)
FNDA:15,(anonymous_4)
FNDA:15,(anonymous_5)
DA:6,3
DA:7,4
DA:9,16
DA:10,12
DA:11,4
DA:12,4
DA:14,4
DA:15,4
DA:18,4
DA:23,15
DA:24,15
DA:30,3
LF:12
LH:12
BRDA:9,0,0,16
BRDA:9,0,1,12
BRDA:14,1,0,1
BRDA:14,1,1,3
BRF:4
BRH:4
end_of_record
TN:
SF:src/MapList/MapList.js
FN:8,(anonymous_0)
FN:18,(anonymous_1)
FN:19,(anonymous_2)
FN:29,(anonymous_3)
FN:32,(anonymous_4)
FN:37,(anonymous_5)
FN:45,(anonymous_6)
FN:53,(anonymous_7)
FNF:8
FNH:4
FNDA:4,(anonymous_0)
FNDA:4,(anonymous_1)
FNDA:4,(anonymous_2)
FNDA:0,(anonymous_3)
FNDA:0,(anonymous_4)
FNDA:16,(anonymous_5)
FNDA:0,(anonymous_6)
FNDA:0,(anonymous_7)
DA:8,3
DA:9,4
DA:10,4
DA:16,4
DA:18,4
DA:19,4
DA:20,4
DA:21,0
DA:22,0
DA:24,0
DA:25,0
DA:29,4
DA:30,0
DA:31,0
DA:32,0
DA:34,0
DA:37,4
DA:38,16
DA:40,16
DA:45,0
DA:50,4
DA:53,0
DA:77,3
LF:23
LH:13
BRDA:21,0,0,0
BRDA:21,0,1,0
BRDA:32,1,0,0
BRDA:32,1,1,0
BRDA:68,2,0,4
BRDA:68,2,1,0
BRF:6
BRH:1
end_of_record
TN:
SF:src/PostForm/PostForm.js
FN:18,(anonymous_0)
FN:30,(anonymous_1)
FN:32,(anonymous_2)
FN:39,(anonymous_3)
FN:43,(anonymous_4)
FN:59,(anonymous_5)
FN:64,(anonymous_6)
FN:78,(anonymous_7)
FN:85,(anonymous_8)
FN:92,(anonymous_9)
FN:100,(anonymous_10)
FN:108,(anonymous_11)
FN:117,(anonymous_12)
FN:126,(anonymous_13)
FN:133,(anonymous_14)
FN:139,(anonymous_15)
FN:150,(anonymous_16)
FN:161,(anonymous_17)
FN:172,(anonymous_18)
FN:183,(anonymous_19)
FN:194,(anonymous_20)
FN:205,(anonymous_21)
FNF:22
FNH:11
FNDA:22,(anonymous_0)
FNDA:0,(anonymous_1)
FNDA:0,(anonymous_2)
FNDA:14,(anonymous_3)
FNDA:3,(anonymous_4)
FNDA:0,(anonymous_5)
FNDA:0,(anonymous_6)
FNDA:3,(anonymous_7)
FNDA:1,(anonymous_8)
FNDA:1,(anonymous_9)
FNDA:3,(anonymous_10)
FNDA:3,(anonymous_11)
FNDA:1,(anonymous_12)
FNDA:1,(anonymous_13)
FNDA:1,(anonymous_14)
FNDA:0,(anonymous_15)
FNDA:0,(anonymous_16)
FNDA:0,(anonymous_17)
FNDA:0,(anonymous_18)
FNDA:0,(anonymous_19)
FNDA:0,(anonymous_20)
FNDA:0,(anonymous_21)
DA:15,2
DA:16,2
DA:18,2
DA:19,22
DA:20,22
DA:21,22
DA:22,22
DA:23,22
DA:24,22
DA:25,22
DA:26,22
DA:27,22
DA:28,22
DA:30,22
DA:31,0
DA:32,0
DA:33,0
DA:35,0
DA:39,22
DA:40,14
DA:43,22
DA:44,3
DA:45,3
DA:46,3
DA:47,1
DA:48,1
DA:49,1
DA:50,1
DA:51,1
DA:52,1
DA:53,1
DA:54,1
DA:55,1
DA:56,1
DA:57,1
DA:58,1
DA:59,1
DA:60,0
DA:63,2
DA:64,2
DA:65,0
DA:70,22
DA:78,3
DA:85,1
DA:92,1
DA:100,3
DA:108,3
DA:117,1
DA:126,1
DA:133,1
DA:139,0
DA:150,0
DA:161,0
DA:172,0
DA:183,0
DA:194,0
DA:205,0
DA:226,2
LF:58
LH:45
BRDA:31,0,0,0
BRDA:31,0,1,0
BRDA:44,1,0,3
BRDA:44,1,1,2
BRDA:44,1,2,2
BRDA:45,2,0,3
BRDA:45,2,1,2
BRDA:45,2,2,2
BRDA:46,3,0,1
BRDA:46,3,1,2
BRDA:46,4,0,3
BRDA:46,4,1,2
BRDA:46,4,2,1
BRDA:144,5,0,0
BRDA:144,5,1,22
BRDA:155,6,0,0
BRDA:155,6,1,22
BRDA:166,7,0,0
BRDA:166,7,1,22
BRDA:177,8,0,0
BRDA:177,8,1,22
BRDA:188,9,0,0
BRDA:188,9,1,22
BRDA:199,10,0,0
BRDA:199,10,1,22
BRDA:210,11,0,0
BRDA:210,11,1,22
BRDA:215,12,0,22
BRDA:215,12,1,3
BRF:29
BRH:20
end_of_record
TN:
SF:src/QuickView/QuickView.js
FN:13,(anonymous_0)
FN:28,(anonymous_1)
FN:41,(anonymous_2)
FN:43,(anonymous_3)
FN:67,(anonymous_4)
FN:70,(anonymous_5)
FN:78,(anonymous_6)
FN:81,(anonymous_7)
FN:82,(anonymous_8)
FNF:9
FNH:7
FNDA:1,(anonymous_0)
FNDA:1,(anonymous_1)
FNDA:2,(anonymous_2)
FNDA:0,(anonymous_3)
FNDA:5,(anonymous_4)
FNDA:5,(anonymous_5)
FNDA:2,(anonymous_6)
FNDA:2,(anonymous_7)
FNDA:0,(anonymous_8)
DA:13,4
DA:21,1
DA:22,1
DA:23,1
DA:24,0
DA:26,1
DA:28,1
DA:29,1
DA:30,1
DA:33,1
DA:36,1
DA:39,1
DA:41,2
DA:43,1
DA:44,0
DA:47,1
DA:48,1
DA:50,1
DA:55,1
DA:68,5
DA:70,5
DA:79,2
DA:81,2
DA:82,0
DA:93,4
LF:25
LH:22
BRDA:23,0,0,0
BRDA:23,0,1,1
BRDA:47,1,0,1
BRDA:47,1,1,1
BRDA:48,2,0,1
BRDA:48,2,1,1
BRDA:62,3,0,1
BRDA:62,3,1,1
BRDA:73,4,0,1
BRDA:73,4,1,1
BRDA:86,5,0,1
BRDA:86,5,1,0
BRF:12
BRH:10
end_of_record
TN:
SF:src/SiteDetails/SiteDetails.js
FN:20,(anonymous_0)
FN:57,(anonymous_1)
FN:61,(anonymous_2)
FN:70,(anonymous_3)
FN:81,(anonymous_4)
FN:85,(anonymous_5)
FN:100,(anonymous_6)
FN:103,(anonymous_7)
FN:108,(anonymous_8)
FN:124,(anonymous_9)
FN:127,(anonymous_10)
FN:128,(anonymous_11)
FN:148,(anonymous_12)
FN:165,(anonymous_13)
FN:168,(anonymous_14)
FN:169,(anonymous_15)
FN:173,(anonymous_16)
FNF:17
FNH:11
FNDA:3,(anonymous_0)
FNDA:3,(anonymous_1)
FNDA:0,(anonymous_2)
FNDA:3,(anonymous_3)
FNDA:6,(anonymous_4)
FNDA:1,(anonymous_5)
FNDA:15,(anonymous_6)
FNDA:1,(anonymous_7)
FNDA:15,(anonymous_8)
FNDA:6,(anonymous_9)
FNDA:6,(anonymous_10)
FNDA:0,(anonymous_11)
FNDA:1,(anonymous_12)
FNDA:0,(anonymous_13)
FNDA:0,(anonymous_14)
FNDA:0,(anonymous_15)
FNDA:0,(anonymous_16)
DA:20,2
DA:21,3
DA:36,3
DA:38,3
DA:50,3
DA:51,3
DA:53,3
DA:54,0
DA:57,3
DA:58,3
DA:61,3
DA:66,0
DA:67,0
DA:70,3
DA:71,3
DA:72,3
DA:75,3
DA:78,3
DA:81,6
DA:83,3
DA:85,3
DA:86,1
DA:87,1
DA:90,3
DA:101,15
DA:103,1
DA:108,15
DA:125,6
DA:127,6
DA:128,0
DA:148,1
DA:166,0
DA:168,0
DA:169,0
DA:173,0
DA:185,2
LF:36
LH:28
BRDA:38,0,0,0
BRDA:38,0,1,3
BRDA:53,1,0,0
BRDA:53,1,1,3
BRDA:110,2,0,0
BRDA:110,2,1,3
BRDA:119,3,0,3
BRDA:119,3,1,3
BRDA:162,4,0,0
BRDA:162,4,1,3
BRF:10
BRH:6
end_of_record
TN:
SF:src/ToggleView/ToggleView.js
FN:7,(anonymous_0)
FN:13,(anonymous_1)
FN:29,(anonymous_2)
FNF:3
FNH:2
FNDA:4,(anonymous_0)
FNDA:0,(anonymous_1)
FNDA:1,(anonymous_2)
DA:7,2
DA:8,4
DA:9,4
DA:13,0
DA:29,1
DA:50,2
LF:6
LH:5
BRDA:15,0,0,3
BRDA:15,0,1,1
BRDA:20,1,0,3
BRDA:20,1,1,1
BRDA:31,2,0,1
BRDA:31,2,1,3
BRDA:36,3,0,1
BRDA:36,3,1,3
BRDA:45,4,0,1
BRDA:45,4,1,3
BRF:10
BRH:10
end_of_record
